2018-07-28 18:18:38.217  INFO [account-service,,,] 18572 --- [restartedMain] c.c.c.ConfigServicePropertySourceLocator : Fetching config from server at : http://localhost:8888
2018-07-28 18:18:39.225  INFO [account-service,,,] 18572 --- [restartedMain] c.c.c.ConfigServicePropertySourceLocator : Connect Timeout Exception on Url - http://localhost:8888. Will be trying the next url if available
2018-07-28 18:18:39.226  WARN [account-service,,,] 18572 --- [restartedMain] c.c.c.ConfigServicePropertySourceLocator : Could not locate PropertySource: I/O error on GET request for "http://localhost:8888/account-service/default": Connection refused: connect; nested exception is java.net.ConnectException: Connection refused: connect
2018-07-28 18:18:39.232  INFO [account-service,,,] 18572 --- [restartedMain] c.o.a.AccountServiceApplication          : No active profile set, falling back to default profiles: default
2018-07-28 18:18:39.236  INFO [account-service,,,] 18572 --- [restartedMain] ConfigServletWebServerApplicationContext : Refreshing org.springframework.boot.web.servlet.context.AnnotationConfigServletWebServerApplicationContext@644b3feb: startup date [Sat Jul 28 18:18:39 IST 2018]; parent: org.springframework.context.annotation.AnnotationConfigApplicationContext@4e785b57
2018-07-28 18:18:40.062  INFO [account-service,,,] 18572 --- [restartedMain] o.s.cloud.context.scope.GenericScope     : BeanFactory id=aa9ad71c-2f85-36af-8086-ffc05338e93d
2018-07-28 18:18:40.069  INFO [account-service,,,] 18572 --- [restartedMain] f.a.AutowiredAnnotationBeanPostProcessor : JSR-330 'javax.inject.Inject' annotation found and supported for autowiring
2018-07-28 18:18:40.103  INFO [account-service,,,] 18572 --- [restartedMain] trationDelegate$BeanPostProcessorChecker : Bean 'org.springframework.cloud.autoconfigure.ConfigurationPropertiesRebinderAutoConfiguration' of type [org.springframework.cloud.autoconfigure.ConfigurationPropertiesRebinderAutoConfiguration$$EnhancerBySpringCGLIB$$e60b0c68] is not eligible for getting processed by all BeanPostProcessors (for example: not eligible for auto-proxying)
2018-07-28 18:18:40.379  INFO [account-service,,,] 18572 --- [restartedMain] o.s.b.w.embedded.tomcat.TomcatWebServer  : Tomcat initialized with port(s): 8100 (http)
2018-07-28 18:18:40.379  INFO [account-service,,,] 18572 --- [restartedMain] o.apache.catalina.core.StandardService   : Starting service [Tomcat]
2018-07-28 18:18:40.379  INFO [account-service,,,] 18572 --- [restartedMain] org.apache.catalina.core.StandardEngine  : Starting Servlet Engine: Apache Tomcat/8.5.31
2018-07-28 18:18:40.424  INFO [account-service,,,] 18572 --- [localhost-startStop-1] o.a.c.c.C.[Tomcat].[localhost].[/]       : Initializing Spring embedded WebApplicationContext
2018-07-28 18:18:40.426  INFO [account-service,,,] 18572 --- [localhost-startStop-1] o.s.web.context.ContextLoader            : Root WebApplicationContext: initialization completed in 1190 ms
2018-07-28 18:18:41.846  INFO [account-service,,,] 18572 --- [localhost-startStop-1] o.s.cloud.commons.util.InetUtils         : Cannot determine local hostname
2018-07-28 18:18:43.036  INFO [account-service,,,] 18572 --- [localhost-startStop-1] o.s.cloud.commons.util.InetUtils         : Cannot determine local hostname
2018-07-28 18:18:43.241  INFO [account-service,,,] 18572 --- [localhost-startStop-1] o.s.b.w.servlet.FilterRegistrationBean   : Mapping filter: 'characterEncodingFilter' to: [/*]
2018-07-28 18:18:43.242  INFO [account-service,,,] 18572 --- [localhost-startStop-1] o.s.b.w.servlet.FilterRegistrationBean   : Mapping filter: 'tracingFilter' to: [/*]
2018-07-28 18:18:43.242  INFO [account-service,,,] 18572 --- [localhost-startStop-1] o.s.b.w.servlet.FilterRegistrationBean   : Mapping filter: 'exceptionLoggingFilter' to: [/*]
2018-07-28 18:18:43.242  INFO [account-service,,,] 18572 --- [localhost-startStop-1] o.s.b.w.servlet.FilterRegistrationBean   : Mapping filter: 'hiddenHttpMethodFilter' to: [/*]
2018-07-28 18:18:43.242  INFO [account-service,,,] 18572 --- [localhost-startStop-1] o.s.b.w.servlet.FilterRegistrationBean   : Mapping filter: 'httpPutFormContentFilter' to: [/*]
2018-07-28 18:18:43.243  INFO [account-service,,,] 18572 --- [localhost-startStop-1] o.s.b.w.servlet.FilterRegistrationBean   : Mapping filter: 'requestContextFilter' to: [/*]
2018-07-28 18:18:43.243  INFO [account-service,,,] 18572 --- [localhost-startStop-1] o.s.b.w.servlet.FilterRegistrationBean   : Mapping filter: 'httpTraceFilter' to: [/*]
2018-07-28 18:18:43.243  INFO [account-service,,,] 18572 --- [localhost-startStop-1] o.s.b.w.servlet.FilterRegistrationBean   : Mapping filter: 'webMvcMetricsFilter' to: [/*]
2018-07-28 18:18:43.243  INFO [account-service,,,] 18572 --- [localhost-startStop-1] o.s.b.w.servlet.ServletRegistrationBean  : Servlet dispatcherServlet mapped to [/]
2018-07-28 18:18:43.263  INFO [account-service,,,] 18572 --- [restartedMain] s.c.a.AnnotationConfigApplicationContext : Refreshing FeignContext-customer-service: startup date [Sat Jul 28 18:18:43 IST 2018]; parent: org.springframework.boot.web.servlet.context.AnnotationConfigServletWebServerApplicationContext@644b3feb
2018-07-28 18:18:43.270  INFO [account-service,,,] 18572 --- [restartedMain] f.a.AutowiredAnnotationBeanPostProcessor : JSR-330 'javax.inject.Inject' annotation found and supported for autowiring
2018-07-28 18:18:43.388  WARN [account-service,,,] 18572 --- [restartedMain] c.n.c.sources.URLConfigurationSource     : No URLs will be polled as dynamic configuration sources.
2018-07-28 18:18:43.388  INFO [account-service,,,] 18572 --- [restartedMain] c.n.c.sources.URLConfigurationSource     : To enable URLs as dynamic configuration sources, define System property archaius.configurationSource.additionalUrls or make config.properties available on classpath.
2018-07-28 18:18:43.432  INFO [account-service,,,] 18572 --- [restartedMain] o.s.w.s.handler.SimpleUrlHandlerMapping  : Mapped URL path [/**/favicon.ico] onto handler of type [class org.springframework.web.servlet.resource.ResourceHttpRequestHandler]
2018-07-28 18:18:43.532  INFO [account-service,,,] 18572 --- [restartedMain] s.w.s.m.m.a.RequestMappingHandlerAdapter : Looking for @ControllerAdvice: org.springframework.boot.web.servlet.context.AnnotationConfigServletWebServerApplicationContext@644b3feb: startup date [Sat Jul 28 18:18:39 IST 2018]; parent: org.springframework.context.annotation.AnnotationConfigApplicationContext@4e785b57
2018-07-28 18:18:43.553  INFO [account-service,,,] 18572 --- [restartedMain] s.w.s.m.m.a.RequestMappingHandlerMapping : Mapped "{[/accounts],methods=[GET]}" onto public java.util.List<com.onlyfullstack.accountservice.bean.Account> com.onlyfullstack.accountservice.controller.AccountController.getAllCustomers()
2018-07-28 18:18:43.554  INFO [account-service,,,] 18572 --- [restartedMain] s.w.s.m.m.a.RequestMappingHandlerMapping : Mapped "{[/accounts/{account_id}],methods=[GET]}" onto public com.onlyfullstack.accountservice.bean.Account com.onlyfullstack.accountservice.controller.AccountController.getCustomerDetails(java.lang.Long)
2018-07-28 18:18:43.556  INFO [account-service,,,] 18572 --- [restartedMain] s.w.s.m.m.a.RequestMappingHandlerMapping : Mapped "{[/error]}" onto public org.springframework.http.ResponseEntity<java.util.Map<java.lang.String, java.lang.Object>> org.springframework.boot.autoconfigure.web.servlet.error.BasicErrorController.error(javax.servlet.http.HttpServletRequest)
2018-07-28 18:18:43.556  INFO [account-service,,,] 18572 --- [restartedMain] s.w.s.m.m.a.RequestMappingHandlerMapping : Mapped "{[/error],produces=[text/html]}" onto public org.springframework.web.servlet.ModelAndView org.springframework.boot.autoconfigure.web.servlet.error.BasicErrorController.errorHtml(javax.servlet.http.HttpServletRequest,javax.servlet.http.HttpServletResponse)
2018-07-28 18:18:43.582  INFO [account-service,,,] 18572 --- [restartedMain] o.s.w.s.handler.SimpleUrlHandlerMapping  : Mapped URL path [/webjars/**] onto handler of type [class org.springframework.web.servlet.resource.ResourceHttpRequestHandler]
2018-07-28 18:18:43.582  INFO [account-service,,,] 18572 --- [restartedMain] o.s.w.s.handler.SimpleUrlHandlerMapping  : Mapped URL path [/**] onto handler of type [class org.springframework.web.servlet.resource.ResourceHttpRequestHandler]
2018-07-28 18:18:43.833  WARN [account-service,,,] 18572 --- [restartedMain] o.s.b.d.a.OptionalLiveReloadServer       : Unable to start LiveReload server
2018-07-28 18:18:44.012  INFO [account-service,,,] 18572 --- [restartedMain] o.s.b.a.e.web.EndpointLinksResolver      : Exposing 2 endpoint(s) beneath base path '/actuator'
2018-07-28 18:18:44.014  INFO [account-service,,,] 18572 --- [restartedMain] s.b.a.e.w.s.WebMvcEndpointHandlerMapping : Mapped "{[/actuator/health],methods=[GET],produces=[application/vnd.spring-boot.actuator.v2+json || application/json]}" onto public java.lang.Object org.springframework.boot.actuate.endpoint.web.servlet.AbstractWebMvcEndpointHandlerMapping$OperationHandler.handle(javax.servlet.http.HttpServletRequest,java.util.Map<java.lang.String, java.lang.String>)
2018-07-28 18:18:44.014  INFO [account-service,,,] 18572 --- [restartedMain] s.b.a.e.w.s.WebMvcEndpointHandlerMapping : Mapped "{[/actuator/info],methods=[GET],produces=[application/vnd.spring-boot.actuator.v2+json || application/json]}" onto public java.lang.Object org.springframework.boot.actuate.endpoint.web.servlet.AbstractWebMvcEndpointHandlerMapping$OperationHandler.handle(javax.servlet.http.HttpServletRequest,java.util.Map<java.lang.String, java.lang.String>)
2018-07-28 18:18:44.015  INFO [account-service,,,] 18572 --- [restartedMain] s.b.a.e.w.s.WebMvcEndpointHandlerMapping : Mapped "{[/actuator],methods=[GET],produces=[application/vnd.spring-boot.actuator.v2+json || application/json]}" onto protected java.util.Map<java.lang.String, java.util.Map<java.lang.String, org.springframework.boot.actuate.endpoint.web.Link>> org.springframework.boot.actuate.endpoint.web.servlet.WebMvcEndpointHandlerMapping.links(javax.servlet.http.HttpServletRequest,javax.servlet.http.HttpServletResponse)
2018-07-28 18:18:44.047  INFO [account-service,,,] 18572 --- [restartedMain] o.s.j.e.a.AnnotationMBeanExporter        : Registering beans for JMX exposure on startup
2018-07-28 18:18:44.049  INFO [account-service,,,] 18572 --- [restartedMain] o.s.j.e.a.AnnotationMBeanExporter        : Bean with name 'environmentManager' has been autodetected for JMX exposure
2018-07-28 18:18:44.050  INFO [account-service,,,] 18572 --- [restartedMain] o.s.j.e.a.AnnotationMBeanExporter        : Bean with name 'configurationPropertiesRebinder' has been autodetected for JMX exposure
2018-07-28 18:18:44.051  INFO [account-service,,,] 18572 --- [restartedMain] o.s.j.e.a.AnnotationMBeanExporter        : Bean with name 'refreshScope' has been autodetected for JMX exposure
2018-07-28 18:18:44.054  INFO [account-service,,,] 18572 --- [restartedMain] o.s.j.e.a.AnnotationMBeanExporter        : Located managed bean 'environmentManager': registering with JMX server as MBean [org.springframework.cloud.context.environment:name=environmentManager,type=EnvironmentManager]
2018-07-28 18:18:44.057  INFO [account-service,,,] 18572 --- [restartedMain] o.s.j.e.a.AnnotationMBeanExporter        : Located managed bean 'refreshScope': registering with JMX server as MBean [org.springframework.cloud.context.scope.refresh:name=refreshScope,type=RefreshScope]
2018-07-28 18:18:44.060  INFO [account-service,,,] 18572 --- [restartedMain] o.s.j.e.a.AnnotationMBeanExporter        : Located managed bean 'configurationPropertiesRebinder': registering with JMX server as MBean [org.springframework.cloud.context.properties:name=configurationPropertiesRebinder,context=644b3feb,type=ConfigurationPropertiesRebinder]
2018-07-28 18:18:44.068  INFO [account-service,,,] 18572 --- [restartedMain] o.s.c.support.DefaultLifecycleProcessor  : Starting beans in phase 0
2018-07-28 18:18:44.069  INFO [account-service,,,] 18572 --- [restartedMain] o.s.c.n.eureka.InstanceInfoFactory       : Setting initial instance status as: STARTING
2018-07-28 18:18:44.074  INFO [account-service,,,] 18572 --- [restartedMain] com.netflix.discovery.DiscoveryClient    : Initializing Eureka in region us-east-1
2018-07-28 18:18:44.077  INFO [account-service,,,] 18572 --- [restartedMain] c.n.d.provider.DiscoveryJerseyProvider   : Using JSON encoding codec LegacyJacksonJson
2018-07-28 18:18:44.078  INFO [account-service,,,] 18572 --- [restartedMain] c.n.d.provider.DiscoveryJerseyProvider   : Using JSON decoding codec LegacyJacksonJson
2018-07-28 18:18:44.078  INFO [account-service,,,] 18572 --- [restartedMain] c.n.d.provider.DiscoveryJerseyProvider   : Using XML encoding codec XStreamXml
2018-07-28 18:18:44.078  INFO [account-service,,,] 18572 --- [restartedMain] c.n.d.provider.DiscoveryJerseyProvider   : Using XML decoding codec XStreamXml
2018-07-28 18:18:44.134  INFO [account-service,,,] 18572 --- [restartedMain] c.n.d.s.r.aws.ConfigClusterResolver      : Resolving eureka endpoints via configuration
2018-07-28 18:18:44.138  INFO [account-service,,,] 18572 --- [restartedMain] com.netflix.discovery.DiscoveryClient    : Disable delta property : false
2018-07-28 18:18:44.139  INFO [account-service,,,] 18572 --- [restartedMain] com.netflix.discovery.DiscoveryClient    : Single vip registry refresh property : null
2018-07-28 18:18:44.139  INFO [account-service,,,] 18572 --- [restartedMain] com.netflix.discovery.DiscoveryClient    : Force full registry fetch : false
2018-07-28 18:18:44.139  INFO [account-service,,,] 18572 --- [restartedMain] com.netflix.discovery.DiscoveryClient    : Application is null : false
2018-07-28 18:18:44.139  INFO [account-service,,,] 18572 --- [restartedMain] com.netflix.discovery.DiscoveryClient    : Registered Applications size is zero : true
2018-07-28 18:18:44.139  INFO [account-service,,,] 18572 --- [restartedMain] com.netflix.discovery.DiscoveryClient    : Application version is -1: true
2018-07-28 18:18:44.139  INFO [account-service,,,] 18572 --- [restartedMain] com.netflix.discovery.DiscoveryClient    : Getting all instance registry info from the eureka server
2018-07-28 18:18:44.144  INFO [account-service,,,] 18572 --- [restartedMain] com.netflix.discovery.DiscoveryClient    : The response status is 200
2018-07-28 18:18:44.146  INFO [account-service,,,] 18572 --- [restartedMain] com.netflix.discovery.DiscoveryClient    : Starting heartbeat executor: renew interval is: 30
2018-07-28 18:18:44.146  INFO [account-service,,,] 18572 --- [restartedMain] c.n.discovery.InstanceInfoReplicator     : InstanceInfoReplicator onDemand update allowed rate per min is 4
2018-07-28 18:18:44.148  INFO [account-service,,,] 18572 --- [restartedMain] com.netflix.discovery.DiscoveryClient    : Discovery Client initialized at timestamp 1532782124147 with initial instances count: 4
2018-07-28 18:18:44.153  INFO [account-service,,,] 18572 --- [restartedMain] o.s.c.n.e.s.EurekaServiceRegistry        : Registering application account-service with eureka with status UP
2018-07-28 18:18:44.153  INFO [account-service,,,] 18572 --- [restartedMain] com.netflix.discovery.DiscoveryClient    : Saw local status change event StatusChangeEvent [timestamp=1532782124153, current=UP, previous=STARTING]
2018-07-28 18:18:44.154  INFO [account-service,,,] 18572 --- [DiscoveryClient-InstanceInfoReplicator-0] com.netflix.discovery.DiscoveryClient    : DiscoveryClient_ACCOUNT-SERVICE/localhost:account-service:8100: registering service...
2018-07-28 18:18:44.161  INFO [account-service,,,] 18572 --- [DiscoveryClient-InstanceInfoReplicator-0] com.netflix.discovery.DiscoveryClient    : DiscoveryClient_ACCOUNT-SERVICE/localhost:account-service:8100 - registration status: 204
2018-07-28 18:18:44.174  INFO [account-service,,,] 18572 --- [restartedMain] o.s.b.w.embedded.tomcat.TomcatWebServer  : Tomcat started on port(s): 8100 (http) with context path ''
2018-07-28 18:18:44.174  INFO [account-service,,,] 18572 --- [restartedMain] .s.c.n.e.s.EurekaAutoServiceRegistration : Updating port to 8100
2018-07-28 18:18:44.175  INFO [account-service,,,] 18572 --- [restartedMain] c.o.a.AccountServiceApplication          : Started AccountServiceApplication in 8.452 seconds (JVM running for 648.094)
2018-07-28 18:18:44.183  INFO [account-service,,,] 18572 --- [restartedMain] .ConditionEvaluationDeltaLoggingListener : Condition evaluation delta:


==========================
CONDITION EVALUATION DELTA
==========================


Positive matches:
-----------------

   LogFileWebEndpointAutoConfiguration#logFileWebEndpoint matched:
      - Log File found logging.file C:logsaccount_service.log (LogFileWebEndpointAutoConfiguration.LogFileCondition)
      - @ConditionalOnMissingBean (types: org.springframework.boot.actuate.logging.LogFileWebEndpoint; SearchStrategy: all) did not find any beans (OnBeanCondition)


Negative matches:
-----------------

    None


Exclusions:
-----------

    None


Unconditional classes:
----------------------

    None



2018-07-28 18:21:56.247  INFO [account-service,,,] 18572 --- [Thread-17] s.c.a.AnnotationConfigApplicationContext : Closing org.springframework.context.annotation.AnnotationConfigApplicationContext@4e785b57: startup date [Sat Jul 28 18:18:36 IST 2018]; root of context hierarchy
2018-07-28 18:21:56.248  INFO [account-service,,,] 18572 --- [Thread-17] ConfigServletWebServerApplicationContext : Closing org.springframework.boot.web.servlet.context.AnnotationConfigServletWebServerApplicationContext@644b3feb: startup date [Sat Jul 28 18:18:39 IST 2018]; parent: org.springframework.context.annotation.AnnotationConfigApplicationContext@4e785b57
2018-07-28 18:21:56.248  INFO [account-service,,,] 18572 --- [Thread-17] o.s.c.n.e.s.EurekaServiceRegistry        : Unregistering application account-service with eureka with status DOWN
2018-07-28 18:21:56.248  WARN [account-service,,,] 18572 --- [Thread-17] com.netflix.discovery.DiscoveryClient    : Saw local status change event StatusChangeEvent [timestamp=1532782316248, current=DOWN, previous=UP]
2018-07-28 18:21:56.249  INFO [account-service,,,] 18572 --- [DiscoveryClient-InstanceInfoReplicator-0] com.netflix.discovery.DiscoveryClient    : DiscoveryClient_ACCOUNT-SERVICE/localhost:account-service:8100: registering service...
2018-07-28 18:21:56.250  INFO [account-service,,,] 18572 --- [Thread-17] o.s.c.support.DefaultLifecycleProcessor  : Stopping beans in phase 0
2018-07-28 18:21:56.251  INFO [account-service,,,] 18572 --- [Thread-17] o.s.j.e.a.AnnotationMBeanExporter        : Unregistering JMX-exposed beans on shutdown
2018-07-28 18:21:56.251  INFO [account-service,,,] 18572 --- [Thread-17] o.s.j.e.a.AnnotationMBeanExporter        : Unregistering JMX-exposed beans
2018-07-28 18:21:56.252  INFO [account-service,,,] 18572 --- [Thread-17] s.c.a.AnnotationConfigApplicationContext : Closing FeignContext-customer-service: startup date [Sat Jul 28 18:18:43 IST 2018]; parent: org.springframework.boot.web.servlet.context.AnnotationConfigServletWebServerApplicationContext@644b3feb
2018-07-28 18:21:56.253  INFO [account-service,,,] 18572 --- [Thread-17] com.netflix.discovery.DiscoveryClient    : Shutting down DiscoveryClient ...
2018-07-28 18:21:56.255  INFO [account-service,,,] 18572 --- [DiscoveryClient-InstanceInfoReplicator-0] com.netflix.discovery.DiscoveryClient    : DiscoveryClient_ACCOUNT-SERVICE/localhost:account-service:8100 - registration status: 204
2018-07-28 18:21:56.256  INFO [account-service,,,] 18572 --- [Thread-17] com.netflix.discovery.DiscoveryClient    : Unregistering ...
2018-07-28 18:21:56.261  INFO [account-service,,,] 18572 --- [Thread-17] com.netflix.discovery.DiscoveryClient    : DiscoveryClient_ACCOUNT-SERVICE/localhost:account-service:8100 - deregister  status: 200
2018-07-28 18:21:56.269  INFO [account-service,,,] 18572 --- [Thread-17] com.netflix.discovery.DiscoveryClient    : Completed shut down of DiscoveryClient
2018-07-28 18:21:59.147  INFO [account-service,,,] 18572 --- [restartedMain] c.c.c.ConfigServicePropertySourceLocator : Fetching config from server at : http://localhost:8888
2018-07-28 18:22:00.153  INFO [account-service,,,] 18572 --- [restartedMain] c.c.c.ConfigServicePropertySourceLocator : Connect Timeout Exception on Url - http://localhost:8888. Will be trying the next url if available
2018-07-28 18:22:00.153  WARN [account-service,,,] 18572 --- [restartedMain] c.c.c.ConfigServicePropertySourceLocator : Could not locate PropertySource: I/O error on GET request for "http://localhost:8888/account-service/default": Connection refused: connect; nested exception is java.net.ConnectException: Connection refused: connect
2018-07-28 18:22:00.153  INFO [account-service,,,] 18572 --- [restartedMain] c.o.a.AccountServiceApplication          : No active profile set, falling back to default profiles: default
2018-07-28 18:22:00.155  INFO [account-service,,,] 18572 --- [restartedMain] ConfigServletWebServerApplicationContext : Refreshing org.springframework.boot.web.servlet.context.AnnotationConfigServletWebServerApplicationContext@762d0c66: startup date [Sat Jul 28 18:22:00 IST 2018]; parent: org.springframework.context.annotation.AnnotationConfigApplicationContext@1192f39a
2018-07-28 18:22:00.853  INFO [account-service,,,] 18572 --- [restartedMain] o.s.cloud.context.scope.GenericScope     : BeanFactory id=aa9ad71c-2f85-36af-8086-ffc05338e93d
2018-07-28 18:22:00.859  INFO [account-service,,,] 18572 --- [restartedMain] f.a.AutowiredAnnotationBeanPostProcessor : JSR-330 'javax.inject.Inject' annotation found and supported for autowiring
2018-07-28 18:22:00.886  INFO [account-service,,,] 18572 --- [restartedMain] trationDelegate$BeanPostProcessorChecker : Bean 'org.springframework.cloud.autoconfigure.ConfigurationPropertiesRebinderAutoConfiguration' of type [org.springframework.cloud.autoconfigure.ConfigurationPropertiesRebinderAutoConfiguration$$EnhancerBySpringCGLIB$$e60b0c68] is not eligible for getting processed by all BeanPostProcessors (for example: not eligible for auto-proxying)
2018-07-28 18:22:01.162  INFO [account-service,,,] 18572 --- [restartedMain] o.s.b.w.embedded.tomcat.TomcatWebServer  : Tomcat initialized with port(s): 8100 (http)
2018-07-28 18:22:01.163  INFO [account-service,,,] 18572 --- [restartedMain] o.apache.catalina.core.StandardService   : Starting service [Tomcat]
2018-07-28 18:22:01.163  INFO [account-service,,,] 18572 --- [restartedMain] org.apache.catalina.core.StandardEngine  : Starting Servlet Engine: Apache Tomcat/8.5.31
2018-07-28 18:22:01.205  INFO [account-service,,,] 18572 --- [localhost-startStop-1] o.a.c.c.C.[Tomcat].[localhost].[/]       : Initializing Spring embedded WebApplicationContext
2018-07-28 18:22:01.206  INFO [account-service,,,] 18572 --- [localhost-startStop-1] o.s.web.context.ContextLoader            : Root WebApplicationContext: initialization completed in 1051 ms
2018-07-28 18:22:02.597  INFO [account-service,,,] 18572 --- [localhost-startStop-1] o.s.cloud.commons.util.InetUtils         : Cannot determine local hostname
2018-07-28 18:22:03.775  INFO [account-service,,,] 18572 --- [localhost-startStop-1] o.s.cloud.commons.util.InetUtils         : Cannot determine local hostname
2018-07-28 18:22:03.956  INFO [account-service,,,] 18572 --- [localhost-startStop-1] o.s.b.w.servlet.FilterRegistrationBean   : Mapping filter: 'characterEncodingFilter' to: [/*]
2018-07-28 18:22:03.957  INFO [account-service,,,] 18572 --- [localhost-startStop-1] o.s.b.w.servlet.FilterRegistrationBean   : Mapping filter: 'tracingFilter' to: [/*]
2018-07-28 18:22:03.957  INFO [account-service,,,] 18572 --- [localhost-startStop-1] o.s.b.w.servlet.FilterRegistrationBean   : Mapping filter: 'exceptionLoggingFilter' to: [/*]
2018-07-28 18:22:03.957  INFO [account-service,,,] 18572 --- [localhost-startStop-1] o.s.b.w.servlet.FilterRegistrationBean   : Mapping filter: 'hiddenHttpMethodFilter' to: [/*]
2018-07-28 18:22:03.958  INFO [account-service,,,] 18572 --- [localhost-startStop-1] o.s.b.w.servlet.FilterRegistrationBean   : Mapping filter: 'httpPutFormContentFilter' to: [/*]
2018-07-28 18:22:03.958  INFO [account-service,,,] 18572 --- [localhost-startStop-1] o.s.b.w.servlet.FilterRegistrationBean   : Mapping filter: 'requestContextFilter' to: [/*]
2018-07-28 18:22:03.958  INFO [account-service,,,] 18572 --- [localhost-startStop-1] o.s.b.w.servlet.FilterRegistrationBean   : Mapping filter: 'httpTraceFilter' to: [/*]
2018-07-28 18:22:03.958  INFO [account-service,,,] 18572 --- [localhost-startStop-1] o.s.b.w.servlet.FilterRegistrationBean   : Mapping filter: 'webMvcMetricsFilter' to: [/*]
2018-07-28 18:22:03.958  INFO [account-service,,,] 18572 --- [localhost-startStop-1] o.s.b.w.servlet.ServletRegistrationBean  : Servlet dispatcherServlet mapped to [/]
2018-07-28 18:22:03.977  INFO [account-service,,,] 18572 --- [restartedMain] s.c.a.AnnotationConfigApplicationContext : Refreshing FeignContext-customer-service: startup date [Sat Jul 28 18:22:03 IST 2018]; parent: org.springframework.boot.web.servlet.context.AnnotationConfigServletWebServerApplicationContext@762d0c66
2018-07-28 18:22:03.983  INFO [account-service,,,] 18572 --- [restartedMain] f.a.AutowiredAnnotationBeanPostProcessor : JSR-330 'javax.inject.Inject' annotation found and supported for autowiring
2018-07-28 18:22:04.085  WARN [account-service,,,] 18572 --- [restartedMain] c.n.c.sources.URLConfigurationSource     : No URLs will be polled as dynamic configuration sources.
2018-07-28 18:22:04.085  INFO [account-service,,,] 18572 --- [restartedMain] c.n.c.sources.URLConfigurationSource     : To enable URLs as dynamic configuration sources, define System property archaius.configurationSource.additionalUrls or make config.properties available on classpath.
2018-07-28 18:22:04.132  INFO [account-service,,,] 18572 --- [restartedMain] o.s.w.s.handler.SimpleUrlHandlerMapping  : Mapped URL path [/**/favicon.ico] onto handler of type [class org.springframework.web.servlet.resource.ResourceHttpRequestHandler]
2018-07-28 18:22:04.215  INFO [account-service,,,] 18572 --- [restartedMain] s.w.s.m.m.a.RequestMappingHandlerAdapter : Looking for @ControllerAdvice: org.springframework.boot.web.servlet.context.AnnotationConfigServletWebServerApplicationContext@762d0c66: startup date [Sat Jul 28 18:22:00 IST 2018]; parent: org.springframework.context.annotation.AnnotationConfigApplicationContext@1192f39a
2018-07-28 18:22:04.227  INFO [account-service,,,] 18572 --- [restartedMain] s.w.s.m.m.a.RequestMappingHandlerMapping : Mapped "{[/accounts],methods=[GET]}" onto public java.util.List<com.onlyfullstack.accountservice.bean.Account> com.onlyfullstack.accountservice.controller.AccountController.getAllCustomers()
2018-07-28 18:22:04.228  INFO [account-service,,,] 18572 --- [restartedMain] s.w.s.m.m.a.RequestMappingHandlerMapping : Mapped "{[/accounts/{account_id}],methods=[GET]}" onto public com.onlyfullstack.accountservice.bean.Account com.onlyfullstack.accountservice.controller.AccountController.getCustomerDetails(java.lang.Long)
2018-07-28 18:22:04.229  INFO [account-service,,,] 18572 --- [restartedMain] s.w.s.m.m.a.RequestMappingHandlerMapping : Mapped "{[/error]}" onto public org.springframework.http.ResponseEntity<java.util.Map<java.lang.String, java.lang.Object>> org.springframework.boot.autoconfigure.web.servlet.error.BasicErrorController.error(javax.servlet.http.HttpServletRequest)
2018-07-28 18:22:04.229  INFO [account-service,,,] 18572 --- [restartedMain] s.w.s.m.m.a.RequestMappingHandlerMapping : Mapped "{[/error],produces=[text/html]}" onto public org.springframework.web.servlet.ModelAndView org.springframework.boot.autoconfigure.web.servlet.error.BasicErrorController.errorHtml(javax.servlet.http.HttpServletRequest,javax.servlet.http.HttpServletResponse)
2018-07-28 18:22:04.251  INFO [account-service,,,] 18572 --- [restartedMain] o.s.w.s.handler.SimpleUrlHandlerMapping  : Mapped URL path [/webjars/**] onto handler of type [class org.springframework.web.servlet.resource.ResourceHttpRequestHandler]
2018-07-28 18:22:04.251  INFO [account-service,,,] 18572 --- [restartedMain] o.s.w.s.handler.SimpleUrlHandlerMapping  : Mapped URL path [/**] onto handler of type [class org.springframework.web.servlet.resource.ResourceHttpRequestHandler]
2018-07-28 18:22:04.434  WARN [account-service,,,] 18572 --- [restartedMain] o.s.b.d.a.OptionalLiveReloadServer       : Unable to start LiveReload server
2018-07-28 18:22:04.560  INFO [account-service,,,] 18572 --- [restartedMain] o.s.b.a.e.web.EndpointLinksResolver      : Exposing 2 endpoint(s) beneath base path '/actuator'
2018-07-28 18:22:04.562  INFO [account-service,,,] 18572 --- [restartedMain] s.b.a.e.w.s.WebMvcEndpointHandlerMapping : Mapped "{[/actuator/health],methods=[GET],produces=[application/vnd.spring-boot.actuator.v2+json || application/json]}" onto public java.lang.Object org.springframework.boot.actuate.endpoint.web.servlet.AbstractWebMvcEndpointHandlerMapping$OperationHandler.handle(javax.servlet.http.HttpServletRequest,java.util.Map<java.lang.String, java.lang.String>)
2018-07-28 18:22:04.562  INFO [account-service,,,] 18572 --- [restartedMain] s.b.a.e.w.s.WebMvcEndpointHandlerMapping : Mapped "{[/actuator/info],methods=[GET],produces=[application/vnd.spring-boot.actuator.v2+json || application/json]}" onto public java.lang.Object org.springframework.boot.actuate.endpoint.web.servlet.AbstractWebMvcEndpointHandlerMapping$OperationHandler.handle(javax.servlet.http.HttpServletRequest,java.util.Map<java.lang.String, java.lang.String>)
2018-07-28 18:22:04.562  INFO [account-service,,,] 18572 --- [restartedMain] s.b.a.e.w.s.WebMvcEndpointHandlerMapping : Mapped "{[/actuator],methods=[GET],produces=[application/vnd.spring-boot.actuator.v2+json || application/json]}" onto protected java.util.Map<java.lang.String, java.util.Map<java.lang.String, org.springframework.boot.actuate.endpoint.web.Link>> org.springframework.boot.actuate.endpoint.web.servlet.WebMvcEndpointHandlerMapping.links(javax.servlet.http.HttpServletRequest,javax.servlet.http.HttpServletResponse)
2018-07-28 18:22:04.591  INFO [account-service,,,] 18572 --- [restartedMain] o.s.j.e.a.AnnotationMBeanExporter        : Registering beans for JMX exposure on startup
2018-07-28 18:22:04.596  INFO [account-service,,,] 18572 --- [restartedMain] o.s.j.e.a.AnnotationMBeanExporter        : Bean with name 'environmentManager' has been autodetected for JMX exposure
2018-07-28 18:22:04.598  INFO [account-service,,,] 18572 --- [restartedMain] o.s.j.e.a.AnnotationMBeanExporter        : Bean with name 'configurationPropertiesRebinder' has been autodetected for JMX exposure
2018-07-28 18:22:04.598  INFO [account-service,,,] 18572 --- [restartedMain] o.s.j.e.a.AnnotationMBeanExporter        : Bean with name 'refreshScope' has been autodetected for JMX exposure
2018-07-28 18:22:04.601  INFO [account-service,,,] 18572 --- [restartedMain] o.s.j.e.a.AnnotationMBeanExporter        : Located managed bean 'environmentManager': registering with JMX server as MBean [org.springframework.cloud.context.environment:name=environmentManager,type=EnvironmentManager]
2018-07-28 18:22:04.604  INFO [account-service,,,] 18572 --- [restartedMain] o.s.j.e.a.AnnotationMBeanExporter        : Located managed bean 'refreshScope': registering with JMX server as MBean [org.springframework.cloud.context.scope.refresh:name=refreshScope,type=RefreshScope]
2018-07-28 18:22:04.606  INFO [account-service,,,] 18572 --- [restartedMain] o.s.j.e.a.AnnotationMBeanExporter        : Located managed bean 'configurationPropertiesRebinder': registering with JMX server as MBean [org.springframework.cloud.context.properties:name=configurationPropertiesRebinder,context=762d0c66,type=ConfigurationPropertiesRebinder]
2018-07-28 18:22:04.613  INFO [account-service,,,] 18572 --- [restartedMain] o.s.c.support.DefaultLifecycleProcessor  : Starting beans in phase 0
2018-07-28 18:22:04.614  INFO [account-service,,,] 18572 --- [restartedMain] o.s.c.n.eureka.InstanceInfoFactory       : Setting initial instance status as: STARTING
2018-07-28 18:22:04.618  INFO [account-service,,,] 18572 --- [restartedMain] com.netflix.discovery.DiscoveryClient    : Initializing Eureka in region us-east-1
2018-07-28 18:22:04.620  INFO [account-service,,,] 18572 --- [restartedMain] c.n.d.provider.DiscoveryJerseyProvider   : Using JSON encoding codec LegacyJacksonJson
2018-07-28 18:22:04.620  INFO [account-service,,,] 18572 --- [restartedMain] c.n.d.provider.DiscoveryJerseyProvider   : Using JSON decoding codec LegacyJacksonJson
2018-07-28 18:22:04.620  INFO [account-service,,,] 18572 --- [restartedMain] c.n.d.provider.DiscoveryJerseyProvider   : Using XML encoding codec XStreamXml
2018-07-28 18:22:04.621  INFO [account-service,,,] 18572 --- [restartedMain] c.n.d.provider.DiscoveryJerseyProvider   : Using XML decoding codec XStreamXml
2018-07-28 18:22:04.660  INFO [account-service,,,] 18572 --- [restartedMain] c.n.d.s.r.aws.ConfigClusterResolver      : Resolving eureka endpoints via configuration
2018-07-28 18:22:04.661  INFO [account-service,,,] 18572 --- [restartedMain] com.netflix.discovery.DiscoveryClient    : Disable delta property : false
2018-07-28 18:22:04.661  INFO [account-service,,,] 18572 --- [restartedMain] com.netflix.discovery.DiscoveryClient    : Single vip registry refresh property : null
2018-07-28 18:22:04.661  INFO [account-service,,,] 18572 --- [restartedMain] com.netflix.discovery.DiscoveryClient    : Force full registry fetch : false
2018-07-28 18:22:04.661  INFO [account-service,,,] 18572 --- [restartedMain] com.netflix.discovery.DiscoveryClient    : Application is null : false
2018-07-28 18:22:04.661  INFO [account-service,,,] 18572 --- [restartedMain] com.netflix.discovery.DiscoveryClient    : Registered Applications size is zero : true
2018-07-28 18:22:04.661  INFO [account-service,,,] 18572 --- [restartedMain] com.netflix.discovery.DiscoveryClient    : Application version is -1: true
2018-07-28 18:22:04.661  INFO [account-service,,,] 18572 --- [restartedMain] com.netflix.discovery.DiscoveryClient    : Getting all instance registry info from the eureka server
2018-07-28 18:22:04.666  INFO [account-service,,,] 18572 --- [restartedMain] com.netflix.discovery.DiscoveryClient    : The response status is 200
2018-07-28 18:22:04.667  INFO [account-service,,,] 18572 --- [restartedMain] com.netflix.discovery.DiscoveryClient    : Starting heartbeat executor: renew interval is: 30
2018-07-28 18:22:04.667  INFO [account-service,,,] 18572 --- [restartedMain] c.n.discovery.InstanceInfoReplicator     : InstanceInfoReplicator onDemand update allowed rate per min is 4
2018-07-28 18:22:04.668  INFO [account-service,,,] 18572 --- [restartedMain] com.netflix.discovery.DiscoveryClient    : Discovery Client initialized at timestamp 1532782324668 with initial instances count: 3
2018-07-28 18:22:04.673  INFO [account-service,,,] 18572 --- [restartedMain] o.s.c.n.e.s.EurekaServiceRegistry        : Registering application account-service with eureka with status UP
2018-07-28 18:22:04.673  INFO [account-service,,,] 18572 --- [restartedMain] com.netflix.discovery.DiscoveryClient    : Saw local status change event StatusChangeEvent [timestamp=1532782324673, current=UP, previous=STARTING]
2018-07-28 18:22:04.673  INFO [account-service,,,] 18572 --- [DiscoveryClient-InstanceInfoReplicator-0] com.netflix.discovery.DiscoveryClient    : DiscoveryClient_ACCOUNT-SERVICE/localhost:account-service:8100: registering service...
2018-07-28 18:22:04.680  INFO [account-service,,,] 18572 --- [DiscoveryClient-InstanceInfoReplicator-0] com.netflix.discovery.DiscoveryClient    : DiscoveryClient_ACCOUNT-SERVICE/localhost:account-service:8100 - registration status: 204
2018-07-28 18:22:04.697  INFO [account-service,,,] 18572 --- [restartedMain] o.s.b.w.embedded.tomcat.TomcatWebServer  : Tomcat started on port(s): 8100 (http) with context path ''
2018-07-28 18:22:04.697  INFO [account-service,,,] 18572 --- [restartedMain] .s.c.n.e.s.EurekaAutoServiceRegistration : Updating port to 8100
2018-07-28 18:22:04.698  INFO [account-service,,,] 18572 --- [restartedMain] c.o.a.AccountServiceApplication          : Started AccountServiceApplication in 7.956 seconds (JVM running for 848.618)
2018-07-28 18:22:04.703  INFO [account-service,,,] 18572 --- [restartedMain] .ConditionEvaluationDeltaLoggingListener : Condition evaluation unchanged
2018-07-28 18:23:51.692  INFO [account-service,,,] 18572 --- [Thread-26] s.c.a.AnnotationConfigApplicationContext : Closing org.springframework.context.annotation.AnnotationConfigApplicationContext@1192f39a: startup date [Sat Jul 28 18:21:57 IST 2018]; root of context hierarchy
2018-07-28 18:23:51.693  INFO [account-service,,,] 18572 --- [Thread-26] ConfigServletWebServerApplicationContext : Closing org.springframework.boot.web.servlet.context.AnnotationConfigServletWebServerApplicationContext@762d0c66: startup date [Sat Jul 28 18:22:00 IST 2018]; parent: org.springframework.context.annotation.AnnotationConfigApplicationContext@1192f39a
2018-07-28 18:23:51.694  INFO [account-service,,,] 18572 --- [Thread-26] o.s.c.n.e.s.EurekaServiceRegistry        : Unregistering application account-service with eureka with status DOWN
2018-07-28 18:23:51.694  WARN [account-service,,,] 18572 --- [Thread-26] com.netflix.discovery.DiscoveryClient    : Saw local status change event StatusChangeEvent [timestamp=1532782431694, current=DOWN, previous=UP]
2018-07-28 18:23:51.694  INFO [account-service,,,] 18572 --- [DiscoveryClient-InstanceInfoReplicator-0] com.netflix.discovery.DiscoveryClient    : DiscoveryClient_ACCOUNT-SERVICE/localhost:account-service:8100: registering service...
2018-07-28 18:23:51.695  INFO [account-service,,,] 18572 --- [Thread-26] o.s.c.support.DefaultLifecycleProcessor  : Stopping beans in phase 0
2018-07-28 18:23:51.696  INFO [account-service,,,] 18572 --- [Thread-26] o.s.j.e.a.AnnotationMBeanExporter        : Unregistering JMX-exposed beans on shutdown
2018-07-28 18:23:51.696  INFO [account-service,,,] 18572 --- [Thread-26] o.s.j.e.a.AnnotationMBeanExporter        : Unregistering JMX-exposed beans
2018-07-28 18:23:51.697  INFO [account-service,,,] 18572 --- [Thread-26] s.c.a.AnnotationConfigApplicationContext : Closing FeignContext-customer-service: startup date [Sat Jul 28 18:22:03 IST 2018]; parent: org.springframework.boot.web.servlet.context.AnnotationConfigServletWebServerApplicationContext@762d0c66
2018-07-28 18:23:51.698  INFO [account-service,,,] 18572 --- [Thread-26] com.netflix.discovery.DiscoveryClient    : Shutting down DiscoveryClient ...
2018-07-28 18:23:51.700  INFO [account-service,,,] 18572 --- [DiscoveryClient-InstanceInfoReplicator-0] com.netflix.discovery.DiscoveryClient    : DiscoveryClient_ACCOUNT-SERVICE/localhost:account-service:8100 - registration status: 204
2018-07-28 18:23:51.702  INFO [account-service,,,] 18572 --- [Thread-26] com.netflix.discovery.DiscoveryClient    : Unregistering ...
2018-07-28 18:23:51.704  INFO [account-service,,,] 18572 --- [Thread-26] com.netflix.discovery.DiscoveryClient    : DiscoveryClient_ACCOUNT-SERVICE/localhost:account-service:8100 - deregister  status: 200
2018-07-28 18:23:51.708  INFO [account-service,,,] 18572 --- [Thread-26] com.netflix.discovery.DiscoveryClient    : Completed shut down of DiscoveryClient
2018-07-28 18:23:54.477  INFO [account-service,,,] 18572 --- [restartedMain] c.c.c.ConfigServicePropertySourceLocator : Fetching config from server at : http://localhost:8888
2018-07-28 18:23:55.483  INFO [account-service,,,] 18572 --- [restartedMain] c.c.c.ConfigServicePropertySourceLocator : Connect Timeout Exception on Url - http://localhost:8888. Will be trying the next url if available
2018-07-28 18:23:55.484  WARN [account-service,,,] 18572 --- [restartedMain] c.c.c.ConfigServicePropertySourceLocator : Could not locate PropertySource: I/O error on GET request for "http://localhost:8888/account-service/default": Connection refused: connect; nested exception is java.net.ConnectException: Connection refused: connect
2018-07-28 18:23:55.484  INFO [account-service,,,] 18572 --- [restartedMain] c.o.a.AccountServiceApplication          : No active profile set, falling back to default profiles: default
2018-07-28 18:23:55.486  INFO [account-service,,,] 18572 --- [restartedMain] ConfigServletWebServerApplicationContext : Refreshing org.springframework.boot.web.servlet.context.AnnotationConfigServletWebServerApplicationContext@7300567c: startup date [Sat Jul 28 18:23:55 IST 2018]; parent: org.springframework.context.annotation.AnnotationConfigApplicationContext@1c9af080
2018-07-28 18:23:56.182  INFO [account-service,,,] 18572 --- [restartedMain] o.s.cloud.context.scope.GenericScope     : BeanFactory id=aa9ad71c-2f85-36af-8086-ffc05338e93d
2018-07-28 18:23:56.187  INFO [account-service,,,] 18572 --- [restartedMain] f.a.AutowiredAnnotationBeanPostProcessor : JSR-330 'javax.inject.Inject' annotation found and supported for autowiring
2018-07-28 18:23:56.209  INFO [account-service,,,] 18572 --- [restartedMain] trationDelegate$BeanPostProcessorChecker : Bean 'org.springframework.cloud.autoconfigure.ConfigurationPropertiesRebinderAutoConfiguration' of type [org.springframework.cloud.autoconfigure.ConfigurationPropertiesRebinderAutoConfiguration$$EnhancerBySpringCGLIB$$e60b0c68] is not eligible for getting processed by all BeanPostProcessors (for example: not eligible for auto-proxying)
2018-07-28 18:23:56.489  INFO [account-service,,,] 18572 --- [restartedMain] o.s.b.w.embedded.tomcat.TomcatWebServer  : Tomcat initialized with port(s): 8100 (http)
2018-07-28 18:23:56.489  INFO [account-service,,,] 18572 --- [restartedMain] o.apache.catalina.core.StandardService   : Starting service [Tomcat]
2018-07-28 18:23:56.489  INFO [account-service,,,] 18572 --- [restartedMain] org.apache.catalina.core.StandardEngine  : Starting Servlet Engine: Apache Tomcat/8.5.31
2018-07-28 18:23:56.529  INFO [account-service,,,] 18572 --- [localhost-startStop-1] o.a.c.c.C.[Tomcat].[localhost].[/]       : Initializing Spring embedded WebApplicationContext
2018-07-28 18:23:56.530  INFO [account-service,,,] 18572 --- [localhost-startStop-1] o.s.web.context.ContextLoader            : Root WebApplicationContext: initialization completed in 1044 ms
2018-07-28 18:23:57.917  INFO [account-service,,,] 18572 --- [localhost-startStop-1] o.s.cloud.commons.util.InetUtils         : Cannot determine local hostname
2018-07-28 18:23:59.130  INFO [account-service,,,] 18572 --- [localhost-startStop-1] o.s.cloud.commons.util.InetUtils         : Cannot determine local hostname
2018-07-28 18:23:59.306  INFO [account-service,,,] 18572 --- [localhost-startStop-1] o.s.b.w.servlet.FilterRegistrationBean   : Mapping filter: 'characterEncodingFilter' to: [/*]
2018-07-28 18:23:59.307  INFO [account-service,,,] 18572 --- [localhost-startStop-1] o.s.b.w.servlet.FilterRegistrationBean   : Mapping filter: 'tracingFilter' to: [/*]
2018-07-28 18:23:59.307  INFO [account-service,,,] 18572 --- [localhost-startStop-1] o.s.b.w.servlet.FilterRegistrationBean   : Mapping filter: 'exceptionLoggingFilter' to: [/*]
2018-07-28 18:23:59.308  INFO [account-service,,,] 18572 --- [localhost-startStop-1] o.s.b.w.servlet.FilterRegistrationBean   : Mapping filter: 'hiddenHttpMethodFilter' to: [/*]
2018-07-28 18:23:59.308  INFO [account-service,,,] 18572 --- [localhost-startStop-1] o.s.b.w.servlet.FilterRegistrationBean   : Mapping filter: 'httpPutFormContentFilter' to: [/*]
2018-07-28 18:23:59.308  INFO [account-service,,,] 18572 --- [localhost-startStop-1] o.s.b.w.servlet.FilterRegistrationBean   : Mapping filter: 'requestContextFilter' to: [/*]
2018-07-28 18:23:59.308  INFO [account-service,,,] 18572 --- [localhost-startStop-1] o.s.b.w.servlet.FilterRegistrationBean   : Mapping filter: 'httpTraceFilter' to: [/*]
2018-07-28 18:23:59.308  INFO [account-service,,,] 18572 --- [localhost-startStop-1] o.s.b.w.servlet.FilterRegistrationBean   : Mapping filter: 'webMvcMetricsFilter' to: [/*]
2018-07-28 18:23:59.308  INFO [account-service,,,] 18572 --- [localhost-startStop-1] o.s.b.w.servlet.ServletRegistrationBean  : Servlet dispatcherServlet mapped to [/]
2018-07-28 18:23:59.329  INFO [account-service,,,] 18572 --- [restartedMain] s.c.a.AnnotationConfigApplicationContext : Refreshing FeignContext-customer-service: startup date [Sat Jul 28 18:23:59 IST 2018]; parent: org.springframework.boot.web.servlet.context.AnnotationConfigServletWebServerApplicationContext@7300567c
2018-07-28 18:23:59.335  INFO [account-service,,,] 18572 --- [restartedMain] f.a.AutowiredAnnotationBeanPostProcessor : JSR-330 'javax.inject.Inject' annotation found and supported for autowiring
2018-07-28 18:23:59.423  WARN [account-service,,,] 18572 --- [restartedMain] c.n.c.sources.URLConfigurationSource     : No URLs will be polled as dynamic configuration sources.
2018-07-28 18:23:59.423  INFO [account-service,,,] 18572 --- [restartedMain] c.n.c.sources.URLConfigurationSource     : To enable URLs as dynamic configuration sources, define System property archaius.configurationSource.additionalUrls or make config.properties available on classpath.
2018-07-28 18:23:59.464  INFO [account-service,,,] 18572 --- [restartedMain] o.s.w.s.handler.SimpleUrlHandlerMapping  : Mapped URL path [/**/favicon.ico] onto handler of type [class org.springframework.web.servlet.resource.ResourceHttpRequestHandler]
2018-07-28 18:23:59.544  INFO [account-service,,,] 18572 --- [restartedMain] s.w.s.m.m.a.RequestMappingHandlerAdapter : Looking for @ControllerAdvice: org.springframework.boot.web.servlet.context.AnnotationConfigServletWebServerApplicationContext@7300567c: startup date [Sat Jul 28 18:23:55 IST 2018]; parent: org.springframework.context.annotation.AnnotationConfigApplicationContext@1c9af080
2018-07-28 18:23:59.559  INFO [account-service,,,] 18572 --- [restartedMain] s.w.s.m.m.a.RequestMappingHandlerMapping : Mapped "{[/accounts/{account_id}],methods=[GET]}" onto public com.onlyfullstack.accountservice.bean.Account com.onlyfullstack.accountservice.controller.AccountController.getAccountDetails(java.lang.Long)
2018-07-28 18:23:59.559  INFO [account-service,,,] 18572 --- [restartedMain] s.w.s.m.m.a.RequestMappingHandlerMapping : Mapped "{[/accounts],methods=[GET]}" onto public java.util.List<com.onlyfullstack.accountservice.bean.Account> com.onlyfullstack.accountservice.controller.AccountController.getAllCustomers()
2018-07-28 18:23:59.560  INFO [account-service,,,] 18572 --- [restartedMain] s.w.s.m.m.a.RequestMappingHandlerMapping : Mapped "{[/error]}" onto public org.springframework.http.ResponseEntity<java.util.Map<java.lang.String, java.lang.Object>> org.springframework.boot.autoconfigure.web.servlet.error.BasicErrorController.error(javax.servlet.http.HttpServletRequest)
2018-07-28 18:23:59.560  INFO [account-service,,,] 18572 --- [restartedMain] s.w.s.m.m.a.RequestMappingHandlerMapping : Mapped "{[/error],produces=[text/html]}" onto public org.springframework.web.servlet.ModelAndView org.springframework.boot.autoconfigure.web.servlet.error.BasicErrorController.errorHtml(javax.servlet.http.HttpServletRequest,javax.servlet.http.HttpServletResponse)
2018-07-28 18:23:59.576  INFO [account-service,,,] 18572 --- [restartedMain] o.s.w.s.handler.SimpleUrlHandlerMapping  : Mapped URL path [/webjars/**] onto handler of type [class org.springframework.web.servlet.resource.ResourceHttpRequestHandler]
2018-07-28 18:23:59.576  INFO [account-service,,,] 18572 --- [restartedMain] o.s.w.s.handler.SimpleUrlHandlerMapping  : Mapped URL path [/**] onto handler of type [class org.springframework.web.servlet.resource.ResourceHttpRequestHandler]
2018-07-28 18:23:59.748  WARN [account-service,,,] 18572 --- [restartedMain] o.s.b.d.a.OptionalLiveReloadServer       : Unable to start LiveReload server
2018-07-28 18:23:59.860  INFO [account-service,,,] 18572 --- [restartedMain] o.s.b.a.e.web.EndpointLinksResolver      : Exposing 2 endpoint(s) beneath base path '/actuator'
2018-07-28 18:23:59.862  INFO [account-service,,,] 18572 --- [restartedMain] s.b.a.e.w.s.WebMvcEndpointHandlerMapping : Mapped "{[/actuator/health],methods=[GET],produces=[application/vnd.spring-boot.actuator.v2+json || application/json]}" onto public java.lang.Object org.springframework.boot.actuate.endpoint.web.servlet.AbstractWebMvcEndpointHandlerMapping$OperationHandler.handle(javax.servlet.http.HttpServletRequest,java.util.Map<java.lang.String, java.lang.String>)
2018-07-28 18:23:59.862  INFO [account-service,,,] 18572 --- [restartedMain] s.b.a.e.w.s.WebMvcEndpointHandlerMapping : Mapped "{[/actuator/info],methods=[GET],produces=[application/vnd.spring-boot.actuator.v2+json || application/json]}" onto public java.lang.Object org.springframework.boot.actuate.endpoint.web.servlet.AbstractWebMvcEndpointHandlerMapping$OperationHandler.handle(javax.servlet.http.HttpServletRequest,java.util.Map<java.lang.String, java.lang.String>)
2018-07-28 18:23:59.862  INFO [account-service,,,] 18572 --- [restartedMain] s.b.a.e.w.s.WebMvcEndpointHandlerMapping : Mapped "{[/actuator],methods=[GET],produces=[application/vnd.spring-boot.actuator.v2+json || application/json]}" onto protected java.util.Map<java.lang.String, java.util.Map<java.lang.String, org.springframework.boot.actuate.endpoint.web.Link>> org.springframework.boot.actuate.endpoint.web.servlet.WebMvcEndpointHandlerMapping.links(javax.servlet.http.HttpServletRequest,javax.servlet.http.HttpServletResponse)
2018-07-28 18:23:59.889  INFO [account-service,,,] 18572 --- [restartedMain] o.s.j.e.a.AnnotationMBeanExporter        : Registering beans for JMX exposure on startup
2018-07-28 18:23:59.892  INFO [account-service,,,] 18572 --- [restartedMain] o.s.j.e.a.AnnotationMBeanExporter        : Bean with name 'environmentManager' has been autodetected for JMX exposure
2018-07-28 18:23:59.892  INFO [account-service,,,] 18572 --- [restartedMain] o.s.j.e.a.AnnotationMBeanExporter        : Bean with name 'configurationPropertiesRebinder' has been autodetected for JMX exposure
2018-07-28 18:23:59.892  INFO [account-service,,,] 18572 --- [restartedMain] o.s.j.e.a.AnnotationMBeanExporter        : Bean with name 'refreshScope' has been autodetected for JMX exposure
2018-07-28 18:23:59.894  INFO [account-service,,,] 18572 --- [restartedMain] o.s.j.e.a.AnnotationMBeanExporter        : Located managed bean 'environmentManager': registering with JMX server as MBean [org.springframework.cloud.context.environment:name=environmentManager,type=EnvironmentManager]
2018-07-28 18:23:59.895  INFO [account-service,,,] 18572 --- [restartedMain] o.s.j.e.a.AnnotationMBeanExporter        : Located managed bean 'refreshScope': registering with JMX server as MBean [org.springframework.cloud.context.scope.refresh:name=refreshScope,type=RefreshScope]
2018-07-28 18:23:59.897  INFO [account-service,,,] 18572 --- [restartedMain] o.s.j.e.a.AnnotationMBeanExporter        : Located managed bean 'configurationPropertiesRebinder': registering with JMX server as MBean [org.springframework.cloud.context.properties:name=configurationPropertiesRebinder,context=7300567c,type=ConfigurationPropertiesRebinder]
2018-07-28 18:23:59.905  INFO [account-service,,,] 18572 --- [restartedMain] o.s.c.support.DefaultLifecycleProcessor  : Starting beans in phase 0
2018-07-28 18:23:59.906  INFO [account-service,,,] 18572 --- [restartedMain] o.s.c.n.eureka.InstanceInfoFactory       : Setting initial instance status as: STARTING
2018-07-28 18:23:59.909  INFO [account-service,,,] 18572 --- [restartedMain] com.netflix.discovery.DiscoveryClient    : Initializing Eureka in region us-east-1
2018-07-28 18:23:59.913  INFO [account-service,,,] 18572 --- [restartedMain] c.n.d.provider.DiscoveryJerseyProvider   : Using JSON encoding codec LegacyJacksonJson
2018-07-28 18:23:59.913  INFO [account-service,,,] 18572 --- [restartedMain] c.n.d.provider.DiscoveryJerseyProvider   : Using JSON decoding codec LegacyJacksonJson
2018-07-28 18:23:59.913  INFO [account-service,,,] 18572 --- [restartedMain] c.n.d.provider.DiscoveryJerseyProvider   : Using XML encoding codec XStreamXml
2018-07-28 18:23:59.913  INFO [account-service,,,] 18572 --- [restartedMain] c.n.d.provider.DiscoveryJerseyProvider   : Using XML decoding codec XStreamXml
2018-07-28 18:23:59.955  INFO [account-service,,,] 18572 --- [restartedMain] c.n.d.s.r.aws.ConfigClusterResolver      : Resolving eureka endpoints via configuration
2018-07-28 18:23:59.955  INFO [account-service,,,] 18572 --- [restartedMain] com.netflix.discovery.DiscoveryClient    : Disable delta property : false
2018-07-28 18:23:59.955  INFO [account-service,,,] 18572 --- [restartedMain] com.netflix.discovery.DiscoveryClient    : Single vip registry refresh property : null
2018-07-28 18:23:59.955  INFO [account-service,,,] 18572 --- [restartedMain] com.netflix.discovery.DiscoveryClient    : Force full registry fetch : false
2018-07-28 18:23:59.955  INFO [account-service,,,] 18572 --- [restartedMain] com.netflix.discovery.DiscoveryClient    : Application is null : false
2018-07-28 18:23:59.955  INFO [account-service,,,] 18572 --- [restartedMain] com.netflix.discovery.DiscoveryClient    : Registered Applications size is zero : true
2018-07-28 18:23:59.957  INFO [account-service,,,] 18572 --- [restartedMain] com.netflix.discovery.DiscoveryClient    : Application version is -1: true
2018-07-28 18:23:59.957  INFO [account-service,,,] 18572 --- [restartedMain] com.netflix.discovery.DiscoveryClient    : Getting all instance registry info from the eureka server
2018-07-28 18:23:59.960  INFO [account-service,,,] 18572 --- [restartedMain] com.netflix.discovery.DiscoveryClient    : The response status is 200
2018-07-28 18:23:59.963  INFO [account-service,,,] 18572 --- [restartedMain] com.netflix.discovery.DiscoveryClient    : Starting heartbeat executor: renew interval is: 30
2018-07-28 18:23:59.963  INFO [account-service,,,] 18572 --- [restartedMain] c.n.discovery.InstanceInfoReplicator     : InstanceInfoReplicator onDemand update allowed rate per min is 4
2018-07-28 18:23:59.964  INFO [account-service,,,] 18572 --- [restartedMain] com.netflix.discovery.DiscoveryClient    : Discovery Client initialized at timestamp 1532782439964 with initial instances count: 4
2018-07-28 18:23:59.971  INFO [account-service,,,] 18572 --- [restartedMain] o.s.c.n.e.s.EurekaServiceRegistry        : Registering application account-service with eureka with status UP
2018-07-28 18:23:59.971  INFO [account-service,,,] 18572 --- [restartedMain] com.netflix.discovery.DiscoveryClient    : Saw local status change event StatusChangeEvent [timestamp=1532782439971, current=UP, previous=STARTING]
2018-07-28 18:23:59.975  INFO [account-service,,,] 18572 --- [DiscoveryClient-InstanceInfoReplicator-0] com.netflix.discovery.DiscoveryClient    : DiscoveryClient_ACCOUNT-SERVICE/localhost:account-service:8100: registering service...
2018-07-28 18:23:59.983  INFO [account-service,,,] 18572 --- [DiscoveryClient-InstanceInfoReplicator-0] com.netflix.discovery.DiscoveryClient    : DiscoveryClient_ACCOUNT-SERVICE/localhost:account-service:8100 - registration status: 204
2018-07-28 18:24:00.009  INFO [account-service,,,] 18572 --- [restartedMain] o.s.b.w.embedded.tomcat.TomcatWebServer  : Tomcat started on port(s): 8100 (http) with context path ''
2018-07-28 18:24:00.010  INFO [account-service,,,] 18572 --- [restartedMain] .s.c.n.e.s.EurekaAutoServiceRegistration : Updating port to 8100
2018-07-28 18:24:00.011  INFO [account-service,,,] 18572 --- [restartedMain] c.o.a.AccountServiceApplication          : Started AccountServiceApplication in 7.928 seconds (JVM running for 963.931)
2018-07-28 18:24:00.015  INFO [account-service,,,] 18572 --- [restartedMain] .ConditionEvaluationDeltaLoggingListener : Condition evaluation unchanged
2018-07-28 18:24:08.620  INFO [account-service,,,] 18572 --- [Thread-35] s.c.a.AnnotationConfigApplicationContext : Closing org.springframework.context.annotation.AnnotationConfigApplicationContext@1c9af080: startup date [Sat Jul 28 18:23:53 IST 2018]; root of context hierarchy
2018-07-28 18:24:08.621  INFO [account-service,,,] 18572 --- [Thread-35] ConfigServletWebServerApplicationContext : Closing org.springframework.boot.web.servlet.context.AnnotationConfigServletWebServerApplicationContext@7300567c: startup date [Sat Jul 28 18:23:55 IST 2018]; parent: org.springframework.context.annotation.AnnotationConfigApplicationContext@1c9af080
2018-07-28 18:24:08.621  INFO [account-service,,,] 18572 --- [Thread-35] o.s.c.n.e.s.EurekaServiceRegistry        : Unregistering application account-service with eureka with status DOWN
2018-07-28 18:24:08.621  WARN [account-service,,,] 18572 --- [Thread-35] com.netflix.discovery.DiscoveryClient    : Saw local status change event StatusChangeEvent [timestamp=1532782448621, current=DOWN, previous=UP]
2018-07-28 18:24:08.621  INFO [account-service,,,] 18572 --- [DiscoveryClient-InstanceInfoReplicator-0] com.netflix.discovery.DiscoveryClient    : DiscoveryClient_ACCOUNT-SERVICE/localhost:account-service:8100: registering service...
2018-07-28 18:24:08.622  INFO [account-service,,,] 18572 --- [Thread-35] o.s.c.support.DefaultLifecycleProcessor  : Stopping beans in phase 0
2018-07-28 18:24:08.622  INFO [account-service,,,] 18572 --- [Thread-35] o.s.j.e.a.AnnotationMBeanExporter        : Unregistering JMX-exposed beans on shutdown
2018-07-28 18:24:08.623  INFO [account-service,,,] 18572 --- [Thread-35] o.s.j.e.a.AnnotationMBeanExporter        : Unregistering JMX-exposed beans
2018-07-28 18:24:08.623  INFO [account-service,,,] 18572 --- [Thread-35] s.c.a.AnnotationConfigApplicationContext : Closing FeignContext-customer-service: startup date [Sat Jul 28 18:23:59 IST 2018]; parent: org.springframework.boot.web.servlet.context.AnnotationConfigServletWebServerApplicationContext@7300567c
2018-07-28 18:24:08.624  INFO [account-service,,,] 18572 --- [Thread-35] com.netflix.discovery.DiscoveryClient    : Shutting down DiscoveryClient ...
2018-07-28 18:24:08.627  INFO [account-service,,,] 18572 --- [DiscoveryClient-InstanceInfoReplicator-0] com.netflix.discovery.DiscoveryClient    : DiscoveryClient_ACCOUNT-SERVICE/localhost:account-service:8100 - registration status: 204
2018-07-28 18:24:08.627  INFO [account-service,,,] 18572 --- [Thread-35] com.netflix.discovery.DiscoveryClient    : Unregistering ...
2018-07-28 18:24:08.631  INFO [account-service,,,] 18572 --- [Thread-35] com.netflix.discovery.DiscoveryClient    : DiscoveryClient_ACCOUNT-SERVICE/localhost:account-service:8100 - deregister  status: 200
2018-07-28 18:24:08.635  INFO [account-service,,,] 18572 --- [Thread-35] com.netflix.discovery.DiscoveryClient    : Completed shut down of DiscoveryClient
2018-07-28 18:24:11.445  INFO [account-service,,,] 18572 --- [restartedMain] c.c.c.ConfigServicePropertySourceLocator : Fetching config from server at : http://localhost:8888
2018-07-28 18:24:12.451  INFO [account-service,,,] 18572 --- [restartedMain] c.c.c.ConfigServicePropertySourceLocator : Connect Timeout Exception on Url - http://localhost:8888. Will be trying the next url if available
2018-07-28 18:24:12.451  WARN [account-service,,,] 18572 --- [restartedMain] c.c.c.ConfigServicePropertySourceLocator : Could not locate PropertySource: I/O error on GET request for "http://localhost:8888/account-service/default": Connection refused: connect; nested exception is java.net.ConnectException: Connection refused: connect
2018-07-28 18:24:12.452  INFO [account-service,,,] 18572 --- [restartedMain] c.o.a.AccountServiceApplication          : No active profile set, falling back to default profiles: default
2018-07-28 18:24:12.453  INFO [account-service,,,] 18572 --- [restartedMain] ConfigServletWebServerApplicationContext : Refreshing org.springframework.boot.web.servlet.context.AnnotationConfigServletWebServerApplicationContext@2cdc1c18: startup date [Sat Jul 28 18:24:12 IST 2018]; parent: org.springframework.context.annotation.AnnotationConfigApplicationContext@69811fdf
2018-07-28 18:24:13.067  INFO [account-service,,,] 18572 --- [restartedMain] o.s.cloud.context.scope.GenericScope     : BeanFactory id=aa9ad71c-2f85-36af-8086-ffc05338e93d
2018-07-28 18:24:13.073  INFO [account-service,,,] 18572 --- [restartedMain] f.a.AutowiredAnnotationBeanPostProcessor : JSR-330 'javax.inject.Inject' annotation found and supported for autowiring
2018-07-28 18:24:13.095  INFO [account-service,,,] 18572 --- [restartedMain] trationDelegate$BeanPostProcessorChecker : Bean 'org.springframework.cloud.autoconfigure.ConfigurationPropertiesRebinderAutoConfiguration' of type [org.springframework.cloud.autoconfigure.ConfigurationPropertiesRebinderAutoConfiguration$$EnhancerBySpringCGLIB$$e60b0c68] is not eligible for getting processed by all BeanPostProcessors (for example: not eligible for auto-proxying)
2018-07-28 18:24:13.374  INFO [account-service,,,] 18572 --- [restartedMain] o.s.b.w.embedded.tomcat.TomcatWebServer  : Tomcat initialized with port(s): 8100 (http)
2018-07-28 18:24:13.375  INFO [account-service,,,] 18572 --- [restartedMain] o.apache.catalina.core.StandardService   : Starting service [Tomcat]
2018-07-28 18:24:13.375  INFO [account-service,,,] 18572 --- [restartedMain] org.apache.catalina.core.StandardEngine  : Starting Servlet Engine: Apache Tomcat/8.5.31
2018-07-28 18:24:13.427  INFO [account-service,,,] 18572 --- [localhost-startStop-1] o.a.c.c.C.[Tomcat].[localhost].[/]       : Initializing Spring embedded WebApplicationContext
2018-07-28 18:24:13.428  INFO [account-service,,,] 18572 --- [localhost-startStop-1] o.s.web.context.ContextLoader            : Root WebApplicationContext: initialization completed in 975 ms
2018-07-28 18:24:14.811  INFO [account-service,,,] 18572 --- [localhost-startStop-1] o.s.cloud.commons.util.InetUtils         : Cannot determine local hostname
2018-07-28 18:24:15.992  INFO [account-service,,,] 18572 --- [localhost-startStop-1] o.s.cloud.commons.util.InetUtils         : Cannot determine local hostname
2018-07-28 18:24:16.159  INFO [account-service,,,] 18572 --- [localhost-startStop-1] o.s.b.w.servlet.FilterRegistrationBean   : Mapping filter: 'characterEncodingFilter' to: [/*]
2018-07-28 18:24:16.160  INFO [account-service,,,] 18572 --- [localhost-startStop-1] o.s.b.w.servlet.FilterRegistrationBean   : Mapping filter: 'tracingFilter' to: [/*]
2018-07-28 18:24:16.160  INFO [account-service,,,] 18572 --- [localhost-startStop-1] o.s.b.w.servlet.FilterRegistrationBean   : Mapping filter: 'exceptionLoggingFilter' to: [/*]
2018-07-28 18:24:16.160  INFO [account-service,,,] 18572 --- [localhost-startStop-1] o.s.b.w.servlet.FilterRegistrationBean   : Mapping filter: 'hiddenHttpMethodFilter' to: [/*]
2018-07-28 18:24:16.161  INFO [account-service,,,] 18572 --- [localhost-startStop-1] o.s.b.w.servlet.FilterRegistrationBean   : Mapping filter: 'httpPutFormContentFilter' to: [/*]
2018-07-28 18:24:16.161  INFO [account-service,,,] 18572 --- [localhost-startStop-1] o.s.b.w.servlet.FilterRegistrationBean   : Mapping filter: 'requestContextFilter' to: [/*]
2018-07-28 18:24:16.161  INFO [account-service,,,] 18572 --- [localhost-startStop-1] o.s.b.w.servlet.FilterRegistrationBean   : Mapping filter: 'httpTraceFilter' to: [/*]
2018-07-28 18:24:16.161  INFO [account-service,,,] 18572 --- [localhost-startStop-1] o.s.b.w.servlet.FilterRegistrationBean   : Mapping filter: 'webMvcMetricsFilter' to: [/*]
2018-07-28 18:24:16.161  INFO [account-service,,,] 18572 --- [localhost-startStop-1] o.s.b.w.servlet.ServletRegistrationBean  : Servlet dispatcherServlet mapped to [/]
2018-07-28 18:24:16.180  INFO [account-service,,,] 18572 --- [restartedMain] s.c.a.AnnotationConfigApplicationContext : Refreshing FeignContext-customer-service: startup date [Sat Jul 28 18:24:16 IST 2018]; parent: org.springframework.boot.web.servlet.context.AnnotationConfigServletWebServerApplicationContext@2cdc1c18
2018-07-28 18:24:16.188  INFO [account-service,,,] 18572 --- [restartedMain] f.a.AutowiredAnnotationBeanPostProcessor : JSR-330 'javax.inject.Inject' annotation found and supported for autowiring
2018-07-28 18:24:16.290  WARN [account-service,,,] 18572 --- [restartedMain] c.n.c.sources.URLConfigurationSource     : No URLs will be polled as dynamic configuration sources.
2018-07-28 18:24:16.290  INFO [account-service,,,] 18572 --- [restartedMain] c.n.c.sources.URLConfigurationSource     : To enable URLs as dynamic configuration sources, define System property archaius.configurationSource.additionalUrls or make config.properties available on classpath.
2018-07-28 18:24:16.324  INFO [account-service,,,] 18572 --- [restartedMain] o.s.w.s.handler.SimpleUrlHandlerMapping  : Mapped URL path [/**/favicon.ico] onto handler of type [class org.springframework.web.servlet.resource.ResourceHttpRequestHandler]
2018-07-28 18:24:16.405  INFO [account-service,,,] 18572 --- [restartedMain] s.w.s.m.m.a.RequestMappingHandlerAdapter : Looking for @ControllerAdvice: org.springframework.boot.web.servlet.context.AnnotationConfigServletWebServerApplicationContext@2cdc1c18: startup date [Sat Jul 28 18:24:12 IST 2018]; parent: org.springframework.context.annotation.AnnotationConfigApplicationContext@69811fdf
2018-07-28 18:24:16.417  INFO [account-service,,,] 18572 --- [restartedMain] s.w.s.m.m.a.RequestMappingHandlerMapping : Mapped "{[/accounts/{account_id}],methods=[GET]}" onto public com.onlyfullstack.accountservice.bean.Account com.onlyfullstack.accountservice.controller.AccountController.getAccountDetails(java.lang.Long)
2018-07-28 18:24:16.417  INFO [account-service,,,] 18572 --- [restartedMain] s.w.s.m.m.a.RequestMappingHandlerMapping : Mapped "{[/accounts],methods=[GET]}" onto public java.util.List<com.onlyfullstack.accountservice.bean.Account> com.onlyfullstack.accountservice.controller.AccountController.getAllCustomers()
2018-07-28 18:24:16.418  INFO [account-service,,,] 18572 --- [restartedMain] s.w.s.m.m.a.RequestMappingHandlerMapping : Mapped "{[/error]}" onto public org.springframework.http.ResponseEntity<java.util.Map<java.lang.String, java.lang.Object>> org.springframework.boot.autoconfigure.web.servlet.error.BasicErrorController.error(javax.servlet.http.HttpServletRequest)
2018-07-28 18:24:16.418  INFO [account-service,,,] 18572 --- [restartedMain] s.w.s.m.m.a.RequestMappingHandlerMapping : Mapped "{[/error],produces=[text/html]}" onto public org.springframework.web.servlet.ModelAndView org.springframework.boot.autoconfigure.web.servlet.error.BasicErrorController.errorHtml(javax.servlet.http.HttpServletRequest,javax.servlet.http.HttpServletResponse)
2018-07-28 18:24:16.439  INFO [account-service,,,] 18572 --- [restartedMain] o.s.w.s.handler.SimpleUrlHandlerMapping  : Mapped URL path [/webjars/**] onto handler of type [class org.springframework.web.servlet.resource.ResourceHttpRequestHandler]
2018-07-28 18:24:16.440  INFO [account-service,,,] 18572 --- [restartedMain] o.s.w.s.handler.SimpleUrlHandlerMapping  : Mapped URL path [/**] onto handler of type [class org.springframework.web.servlet.resource.ResourceHttpRequestHandler]
2018-07-28 18:24:16.608  WARN [account-service,,,] 18572 --- [restartedMain] o.s.b.d.a.OptionalLiveReloadServer       : Unable to start LiveReload server
2018-07-28 18:24:16.709  INFO [account-service,,,] 18572 --- [restartedMain] o.s.b.a.e.web.EndpointLinksResolver      : Exposing 2 endpoint(s) beneath base path '/actuator'
2018-07-28 18:24:16.711  INFO [account-service,,,] 18572 --- [restartedMain] s.b.a.e.w.s.WebMvcEndpointHandlerMapping : Mapped "{[/actuator/health],methods=[GET],produces=[application/vnd.spring-boot.actuator.v2+json || application/json]}" onto public java.lang.Object org.springframework.boot.actuate.endpoint.web.servlet.AbstractWebMvcEndpointHandlerMapping$OperationHandler.handle(javax.servlet.http.HttpServletRequest,java.util.Map<java.lang.String, java.lang.String>)
2018-07-28 18:24:16.711  INFO [account-service,,,] 18572 --- [restartedMain] s.b.a.e.w.s.WebMvcEndpointHandlerMapping : Mapped "{[/actuator/info],methods=[GET],produces=[application/vnd.spring-boot.actuator.v2+json || application/json]}" onto public java.lang.Object org.springframework.boot.actuate.endpoint.web.servlet.AbstractWebMvcEndpointHandlerMapping$OperationHandler.handle(javax.servlet.http.HttpServletRequest,java.util.Map<java.lang.String, java.lang.String>)
2018-07-28 18:24:16.712  INFO [account-service,,,] 18572 --- [restartedMain] s.b.a.e.w.s.WebMvcEndpointHandlerMapping : Mapped "{[/actuator],methods=[GET],produces=[application/vnd.spring-boot.actuator.v2+json || application/json]}" onto protected java.util.Map<java.lang.String, java.util.Map<java.lang.String, org.springframework.boot.actuate.endpoint.web.Link>> org.springframework.boot.actuate.endpoint.web.servlet.WebMvcEndpointHandlerMapping.links(javax.servlet.http.HttpServletRequest,javax.servlet.http.HttpServletResponse)
2018-07-28 18:24:16.731  INFO [account-service,,,] 18572 --- [restartedMain] o.s.j.e.a.AnnotationMBeanExporter        : Registering beans for JMX exposure on startup
2018-07-28 18:24:16.732  INFO [account-service,,,] 18572 --- [restartedMain] o.s.j.e.a.AnnotationMBeanExporter        : Bean with name 'environmentManager' has been autodetected for JMX exposure
2018-07-28 18:24:16.733  INFO [account-service,,,] 18572 --- [restartedMain] o.s.j.e.a.AnnotationMBeanExporter        : Bean with name 'configurationPropertiesRebinder' has been autodetected for JMX exposure
2018-07-28 18:24:16.733  INFO [account-service,,,] 18572 --- [restartedMain] o.s.j.e.a.AnnotationMBeanExporter        : Bean with name 'refreshScope' has been autodetected for JMX exposure
2018-07-28 18:24:16.734  INFO [account-service,,,] 18572 --- [restartedMain] o.s.j.e.a.AnnotationMBeanExporter        : Located managed bean 'environmentManager': registering with JMX server as MBean [org.springframework.cloud.context.environment:name=environmentManager,type=EnvironmentManager]
2018-07-28 18:24:16.736  INFO [account-service,,,] 18572 --- [restartedMain] o.s.j.e.a.AnnotationMBeanExporter        : Located managed bean 'refreshScope': registering with JMX server as MBean [org.springframework.cloud.context.scope.refresh:name=refreshScope,type=RefreshScope]
2018-07-28 18:24:16.737  INFO [account-service,,,] 18572 --- [restartedMain] o.s.j.e.a.AnnotationMBeanExporter        : Located managed bean 'configurationPropertiesRebinder': registering with JMX server as MBean [org.springframework.cloud.context.properties:name=configurationPropertiesRebinder,context=2cdc1c18,type=ConfigurationPropertiesRebinder]
2018-07-28 18:24:16.742  INFO [account-service,,,] 18572 --- [restartedMain] o.s.c.support.DefaultLifecycleProcessor  : Starting beans in phase 0
2018-07-28 18:24:16.743  INFO [account-service,,,] 18572 --- [restartedMain] o.s.c.n.eureka.InstanceInfoFactory       : Setting initial instance status as: STARTING
2018-07-28 18:24:16.745  INFO [account-service,,,] 18572 --- [restartedMain] com.netflix.discovery.DiscoveryClient    : Initializing Eureka in region us-east-1
2018-07-28 18:24:16.747  INFO [account-service,,,] 18572 --- [restartedMain] c.n.d.provider.DiscoveryJerseyProvider   : Using JSON encoding codec LegacyJacksonJson
2018-07-28 18:24:16.747  INFO [account-service,,,] 18572 --- [restartedMain] c.n.d.provider.DiscoveryJerseyProvider   : Using JSON decoding codec LegacyJacksonJson
2018-07-28 18:24:16.747  INFO [account-service,,,] 18572 --- [restartedMain] c.n.d.provider.DiscoveryJerseyProvider   : Using XML encoding codec XStreamXml
2018-07-28 18:24:16.747  INFO [account-service,,,] 18572 --- [restartedMain] c.n.d.provider.DiscoveryJerseyProvider   : Using XML decoding codec XStreamXml
2018-07-28 18:24:16.785  INFO [account-service,,,] 18572 --- [restartedMain] c.n.d.s.r.aws.ConfigClusterResolver      : Resolving eureka endpoints via configuration
2018-07-28 18:24:16.785  INFO [account-service,,,] 18572 --- [restartedMain] com.netflix.discovery.DiscoveryClient    : Disable delta property : false
2018-07-28 18:24:16.785  INFO [account-service,,,] 18572 --- [restartedMain] com.netflix.discovery.DiscoveryClient    : Single vip registry refresh property : null
2018-07-28 18:24:16.786  INFO [account-service,,,] 18572 --- [restartedMain] com.netflix.discovery.DiscoveryClient    : Force full registry fetch : false
2018-07-28 18:24:16.786  INFO [account-service,,,] 18572 --- [restartedMain] com.netflix.discovery.DiscoveryClient    : Application is null : false
2018-07-28 18:24:16.786  INFO [account-service,,,] 18572 --- [restartedMain] com.netflix.discovery.DiscoveryClient    : Registered Applications size is zero : true
2018-07-28 18:24:16.786  INFO [account-service,,,] 18572 --- [restartedMain] com.netflix.discovery.DiscoveryClient    : Application version is -1: true
2018-07-28 18:24:16.786  INFO [account-service,,,] 18572 --- [restartedMain] com.netflix.discovery.DiscoveryClient    : Getting all instance registry info from the eureka server
2018-07-28 18:24:16.791  INFO [account-service,,,] 18572 --- [restartedMain] com.netflix.discovery.DiscoveryClient    : The response status is 200
2018-07-28 18:24:16.792  INFO [account-service,,,] 18572 --- [restartedMain] com.netflix.discovery.DiscoveryClient    : Starting heartbeat executor: renew interval is: 30
2018-07-28 18:24:16.793  INFO [account-service,,,] 18572 --- [restartedMain] c.n.discovery.InstanceInfoReplicator     : InstanceInfoReplicator onDemand update allowed rate per min is 4
2018-07-28 18:24:16.793  INFO [account-service,,,] 18572 --- [restartedMain] com.netflix.discovery.DiscoveryClient    : Discovery Client initialized at timestamp 1532782456793 with initial instances count: 4
2018-07-28 18:24:16.799  INFO [account-service,,,] 18572 --- [restartedMain] o.s.c.n.e.s.EurekaServiceRegistry        : Registering application account-service with eureka with status UP
2018-07-28 18:24:16.799  INFO [account-service,,,] 18572 --- [restartedMain] com.netflix.discovery.DiscoveryClient    : Saw local status change event StatusChangeEvent [timestamp=1532782456799, current=UP, previous=STARTING]
2018-07-28 18:24:16.800  INFO [account-service,,,] 18572 --- [DiscoveryClient-InstanceInfoReplicator-0] com.netflix.discovery.DiscoveryClient    : DiscoveryClient_ACCOUNT-SERVICE/localhost:account-service:8100: registering service...
2018-07-28 18:24:16.807  INFO [account-service,,,] 18572 --- [DiscoveryClient-InstanceInfoReplicator-0] com.netflix.discovery.DiscoveryClient    : DiscoveryClient_ACCOUNT-SERVICE/localhost:account-service:8100 - registration status: 204
2018-07-28 18:24:16.815  INFO [account-service,,,] 18572 --- [restartedMain] o.s.b.w.embedded.tomcat.TomcatWebServer  : Tomcat started on port(s): 8100 (http) with context path ''
2018-07-28 18:24:16.816  INFO [account-service,,,] 18572 --- [restartedMain] .s.c.n.e.s.EurekaAutoServiceRegistration : Updating port to 8100
2018-07-28 18:24:16.816  INFO [account-service,,,] 18572 --- [restartedMain] c.o.a.AccountServiceApplication          : Started AccountServiceApplication in 7.759 seconds (JVM running for 980.738)
2018-07-28 18:24:16.819  INFO [account-service,,,] 18572 --- [restartedMain] .ConditionEvaluationDeltaLoggingListener : Condition evaluation unchanged
2018-07-28 18:26:19.812  INFO [account-service,,,] 16000 --- [restartedMain] c.c.c.ConfigServicePropertySourceLocator : Fetching config from server at : http://localhost:8888
2018-07-28 18:26:21.111  INFO [account-service,,,] 16000 --- [restartedMain] c.c.c.ConfigServicePropertySourceLocator : Connect Timeout Exception on Url - http://localhost:8888. Will be trying the next url if available
2018-07-28 18:26:21.112  WARN [account-service,,,] 16000 --- [restartedMain] c.c.c.ConfigServicePropertySourceLocator : Could not locate PropertySource: I/O error on GET request for "http://localhost:8888/account-service/default": Connection refused: connect; nested exception is java.net.ConnectException: Connection refused: connect
2018-07-28 18:26:21.115  INFO [account-service,,,] 16000 --- [restartedMain] c.o.a.AccountServiceApplication          : No active profile set, falling back to default profiles: default
2018-07-28 18:26:21.138  INFO [account-service,,,] 16000 --- [restartedMain] ConfigServletWebServerApplicationContext : Refreshing org.springframework.boot.web.servlet.context.AnnotationConfigServletWebServerApplicationContext@62fb3621: startup date [Sat Jul 28 18:26:21 IST 2018]; parent: org.springframework.context.annotation.AnnotationConfigApplicationContext@74438e
2018-07-28 18:26:26.316  INFO [account-service,,,] 16000 --- [restartedMain] o.s.cloud.context.scope.GenericScope     : BeanFactory id=aa9ad71c-2f85-36af-8086-ffc05338e93d
2018-07-28 18:26:26.337  INFO [account-service,,,] 16000 --- [restartedMain] f.a.AutowiredAnnotationBeanPostProcessor : JSR-330 'javax.inject.Inject' annotation found and supported for autowiring
2018-07-28 18:26:27.265  INFO [account-service,,,] 16000 --- [restartedMain] trationDelegate$BeanPostProcessorChecker : Bean 'org.springframework.cloud.autoconfigure.ConfigurationPropertiesRebinderAutoConfiguration' of type [org.springframework.cloud.autoconfigure.ConfigurationPropertiesRebinderAutoConfiguration$$EnhancerBySpringCGLIB$$1c42af19] is not eligible for getting processed by all BeanPostProcessors (for example: not eligible for auto-proxying)
2018-07-28 18:26:28.745  INFO [account-service,,,] 16000 --- [restartedMain] o.s.b.w.embedded.tomcat.TomcatWebServer  : Tomcat initialized with port(s): 8100 (http)
2018-07-28 18:26:28.784  INFO [account-service,,,] 16000 --- [restartedMain] o.apache.catalina.core.StandardService   : Starting service [Tomcat]
2018-07-28 18:26:28.785  INFO [account-service,,,] 16000 --- [restartedMain] org.apache.catalina.core.StandardEngine  : Starting Servlet Engine: Apache Tomcat/8.5.31
2018-07-28 18:26:28.797  INFO [account-service,,,] 16000 --- [localhost-startStop-1] o.a.catalina.core.AprLifecycleListener   : The APR based Apache Tomcat Native library which allows optimal performance in production environments was not found on the java.library.path: [C:\Program Files\Java\jdk1.8.0_172\jre\bin;C:\WINDOWS\Sun\Java\bin;C:\WINDOWS\system32;C:\WINDOWS;C:/Program Files/Java/jdk1.8.0_172/bin/../jre/bin/server;C:/Program Files/Java/jdk1.8.0_172/bin/../jre/bin;C:/Program Files/Java/jdk1.8.0_172/bin/../jre/lib/amd64;C:\ProgramData\Oracle\Java\javapath;C:\Program Files\Docker\Docker\Resources\bin;C:\WINDOWS\system32;C:\WINDOWS;C:\WINDOWS\System32\Wbem;C:\WINDOWS\System32\WindowsPowerShell\v1.0\;C:\Program Files (x86)\Plantronics\Spokes3G\;C:\Program Files\nodejs\;C:\Software\Git\cmd;C:\Program Files\TortoiseGit\bin;C:\Users\E082472\AppData\Local\Microsoft\WindowsApps;C:\Program Files\Microsoft VS Code\bin;C:\Users\E082472\AppData\Roaming\npm;C:\Software\apache-maven-3.3.9\bin;;C:\Software\eclipse-jee-neon-3-win32-x86_64\eclipse;;.]
2018-07-28 18:26:29.089  INFO [account-service,,,] 16000 --- [localhost-startStop-1] o.a.c.c.C.[Tomcat].[localhost].[/]       : Initializing Spring embedded WebApplicationContext
2018-07-28 18:26:29.089  INFO [account-service,,,] 16000 --- [localhost-startStop-1] o.s.web.context.ContextLoader            : Root WebApplicationContext: initialization completed in 7951 ms
2018-07-28 18:26:30.807  WARN [account-service,,,] 16000 --- [localhost-startStop-1] c.n.c.sources.URLConfigurationSource     : No URLs will be polled as dynamic configuration sources.
2018-07-28 18:26:30.807  INFO [account-service,,,] 16000 --- [localhost-startStop-1] c.n.c.sources.URLConfigurationSource     : To enable URLs as dynamic configuration sources, define System property archaius.configurationSource.additionalUrls or make config.properties available on classpath.
2018-07-28 18:26:30.964  INFO [account-service,,,] 16000 --- [localhost-startStop-1] c.netflix.config.DynamicPropertyFactory  : DynamicPropertyFactory is initialized with configuration sources: com.netflix.config.ConcurrentCompositeConfiguration@368e9eee
2018-07-28 18:26:36.915  INFO [account-service,,,] 16000 --- [localhost-startStop-1] o.s.cloud.commons.util.InetUtils         : Cannot determine local hostname
2018-07-28 18:26:38.942  INFO [account-service,,,] 16000 --- [localhost-startStop-1] o.s.cloud.commons.util.InetUtils         : Cannot determine local hostname
2018-07-28 18:26:41.806  INFO [account-service,,,] 16000 --- [localhost-startStop-1] o.s.b.w.servlet.FilterRegistrationBean   : Mapping filter: 'characterEncodingFilter' to: [/*]
2018-07-28 18:26:41.807  INFO [account-service,,,] 16000 --- [localhost-startStop-1] o.s.b.w.servlet.FilterRegistrationBean   : Mapping filter: 'tracingFilter' to: [/*]
2018-07-28 18:26:41.808  INFO [account-service,,,] 16000 --- [localhost-startStop-1] o.s.b.w.servlet.FilterRegistrationBean   : Mapping filter: 'exceptionLoggingFilter' to: [/*]
2018-07-28 18:26:41.808  INFO [account-service,,,] 16000 --- [localhost-startStop-1] o.s.b.w.servlet.FilterRegistrationBean   : Mapping filter: 'hiddenHttpMethodFilter' to: [/*]
2018-07-28 18:26:41.808  INFO [account-service,,,] 16000 --- [localhost-startStop-1] o.s.b.w.servlet.FilterRegistrationBean   : Mapping filter: 'httpPutFormContentFilter' to: [/*]
2018-07-28 18:26:41.809  INFO [account-service,,,] 16000 --- [localhost-startStop-1] o.s.b.w.servlet.FilterRegistrationBean   : Mapping filter: 'requestContextFilter' to: [/*]
2018-07-28 18:26:41.809  INFO [account-service,,,] 16000 --- [localhost-startStop-1] o.s.b.w.servlet.FilterRegistrationBean   : Mapping filter: 'httpTraceFilter' to: [/*]
2018-07-28 18:26:41.809  INFO [account-service,,,] 16000 --- [localhost-startStop-1] o.s.b.w.servlet.FilterRegistrationBean   : Mapping filter: 'webMvcMetricsFilter' to: [/*]
2018-07-28 18:26:41.809  INFO [account-service,,,] 16000 --- [localhost-startStop-1] o.s.b.w.servlet.ServletRegistrationBean  : Servlet dispatcherServlet mapped to [/]
2018-07-28 18:26:42.474  INFO [account-service,,,] 16000 --- [restartedMain] s.c.a.AnnotationConfigApplicationContext : Refreshing FeignContext-customer-service: startup date [Sat Jul 28 18:26:42 IST 2018]; parent: org.springframework.boot.web.servlet.context.AnnotationConfigServletWebServerApplicationContext@62fb3621
2018-07-28 18:26:42.514  INFO [account-service,,,] 16000 --- [restartedMain] f.a.AutowiredAnnotationBeanPostProcessor : JSR-330 'javax.inject.Inject' annotation found and supported for autowiring
2018-07-28 18:26:42.944  INFO [account-service,,,] 16000 --- [restartedMain] o.s.aop.framework.CglibAopProxy          : Method [com.netflix.client.config.IClientConfig org.springframework.cloud.openfeign.ribbon.LoadBalancerFeignClient.getClientConfig(feign.Request$Options,java.lang.String)] is package-visible across different ClassLoaders and cannot get proxied via CGLIB: Declare this method as public or protected if you need to support invocations through the proxy.
2018-07-28 18:26:43.198  WARN [account-service,,,] 16000 --- [restartedMain] c.n.c.sources.URLConfigurationSource     : No URLs will be polled as dynamic configuration sources.
2018-07-28 18:26:43.199  INFO [account-service,,,] 16000 --- [restartedMain] c.n.c.sources.URLConfigurationSource     : To enable URLs as dynamic configuration sources, define System property archaius.configurationSource.additionalUrls or make config.properties available on classpath.
2018-07-28 18:26:43.610  INFO [account-service,,,] 16000 --- [restartedMain] o.s.w.s.handler.SimpleUrlHandlerMapping  : Mapped URL path [/**/favicon.ico] onto handler of type [class org.springframework.web.servlet.resource.ResourceHttpRequestHandler]
2018-07-28 18:26:44.231  INFO [account-service,,,] 16000 --- [restartedMain] s.w.s.m.m.a.RequestMappingHandlerAdapter : Looking for @ControllerAdvice: org.springframework.boot.web.servlet.context.AnnotationConfigServletWebServerApplicationContext@62fb3621: startup date [Sat Jul 28 18:26:21 IST 2018]; parent: org.springframework.context.annotation.AnnotationConfigApplicationContext@74438e
2018-07-28 18:26:44.360  INFO [account-service,,,] 16000 --- [restartedMain] s.w.s.m.m.a.RequestMappingHandlerMapping : Mapped "{[/accounts],methods=[GET]}" onto public java.util.List<com.onlyfullstack.accountservice.bean.Account> com.onlyfullstack.accountservice.controller.AccountController.getAllCustomers()
2018-07-28 18:26:44.394  INFO [account-service,,,] 16000 --- [restartedMain] s.w.s.m.m.a.RequestMappingHandlerMapping : Mapped "{[/accounts/{account_id}],methods=[GET]}" onto public com.onlyfullstack.accountservice.bean.Account com.onlyfullstack.accountservice.controller.AccountController.getAccountDetails(java.lang.Long)
2018-07-28 18:26:44.398  INFO [account-service,,,] 16000 --- [restartedMain] s.w.s.m.m.a.RequestMappingHandlerMapping : Mapped "{[/error]}" onto public org.springframework.http.ResponseEntity<java.util.Map<java.lang.String, java.lang.Object>> org.springframework.boot.autoconfigure.web.servlet.error.BasicErrorController.error(javax.servlet.http.HttpServletRequest)
2018-07-28 18:26:44.400  INFO [account-service,,,] 16000 --- [restartedMain] s.w.s.m.m.a.RequestMappingHandlerMapping : Mapped "{[/error],produces=[text/html]}" onto public org.springframework.web.servlet.ModelAndView org.springframework.boot.autoconfigure.web.servlet.error.BasicErrorController.errorHtml(javax.servlet.http.HttpServletRequest,javax.servlet.http.HttpServletResponse)
2018-07-28 18:26:44.833  INFO [account-service,,,] 16000 --- [restartedMain] o.s.w.s.handler.SimpleUrlHandlerMapping  : Mapped URL path [/webjars/**] onto handler of type [class org.springframework.web.servlet.resource.ResourceHttpRequestHandler]
2018-07-28 18:26:44.901  INFO [account-service,,,] 16000 --- [restartedMain] o.s.w.s.handler.SimpleUrlHandlerMapping  : Mapped URL path [/**] onto handler of type [class org.springframework.web.servlet.resource.ResourceHttpRequestHandler]
2018-07-28 18:26:47.766  WARN [account-service,,,] 16000 --- [restartedMain] o.s.b.d.a.OptionalLiveReloadServer       : Unable to start LiveReload server
2018-07-28 18:26:49.781  INFO [account-service,,,] 16000 --- [restartedMain] o.s.b.a.e.web.EndpointLinksResolver      : Exposing 2 endpoint(s) beneath base path '/actuator'
2018-07-28 18:26:49.962  INFO [account-service,,,] 16000 --- [restartedMain] s.b.a.e.w.s.WebMvcEndpointHandlerMapping : Mapped "{[/actuator/health],methods=[GET],produces=[application/vnd.spring-boot.actuator.v2+json || application/json]}" onto public java.lang.Object org.springframework.boot.actuate.endpoint.web.servlet.AbstractWebMvcEndpointHandlerMapping$OperationHandler.handle(javax.servlet.http.HttpServletRequest,java.util.Map<java.lang.String, java.lang.String>)
2018-07-28 18:26:49.963  INFO [account-service,,,] 16000 --- [restartedMain] s.b.a.e.w.s.WebMvcEndpointHandlerMapping : Mapped "{[/actuator/info],methods=[GET],produces=[application/vnd.spring-boot.actuator.v2+json || application/json]}" onto public java.lang.Object org.springframework.boot.actuate.endpoint.web.servlet.AbstractWebMvcEndpointHandlerMapping$OperationHandler.handle(javax.servlet.http.HttpServletRequest,java.util.Map<java.lang.String, java.lang.String>)
2018-07-28 18:26:49.965  INFO [account-service,,,] 16000 --- [restartedMain] s.b.a.e.w.s.WebMvcEndpointHandlerMapping : Mapped "{[/actuator],methods=[GET],produces=[application/vnd.spring-boot.actuator.v2+json || application/json]}" onto protected java.util.Map<java.lang.String, java.util.Map<java.lang.String, org.springframework.boot.actuate.endpoint.web.Link>> org.springframework.boot.actuate.endpoint.web.servlet.WebMvcEndpointHandlerMapping.links(javax.servlet.http.HttpServletRequest,javax.servlet.http.HttpServletResponse)
2018-07-28 18:26:50.109  INFO [account-service,,,] 16000 --- [restartedMain] o.s.j.e.a.AnnotationMBeanExporter        : Registering beans for JMX exposure on startup
2018-07-28 18:26:50.120  INFO [account-service,,,] 16000 --- [restartedMain] o.s.j.e.a.AnnotationMBeanExporter        : Bean with name 'environmentManager' has been autodetected for JMX exposure
2018-07-28 18:26:50.122  INFO [account-service,,,] 16000 --- [restartedMain] o.s.j.e.a.AnnotationMBeanExporter        : Bean with name 'configurationPropertiesRebinder' has been autodetected for JMX exposure
2018-07-28 18:26:50.123  INFO [account-service,,,] 16000 --- [restartedMain] o.s.j.e.a.AnnotationMBeanExporter        : Bean with name 'refreshScope' has been autodetected for JMX exposure
2018-07-28 18:26:50.127  INFO [account-service,,,] 16000 --- [restartedMain] o.s.j.e.a.AnnotationMBeanExporter        : Located managed bean 'environmentManager': registering with JMX server as MBean [org.springframework.cloud.context.environment:name=environmentManager,type=EnvironmentManager]
2018-07-28 18:26:50.139  INFO [account-service,,,] 16000 --- [restartedMain] o.s.j.e.a.AnnotationMBeanExporter        : Located managed bean 'refreshScope': registering with JMX server as MBean [org.springframework.cloud.context.scope.refresh:name=refreshScope,type=RefreshScope]
2018-07-28 18:26:50.197  INFO [account-service,,,] 16000 --- [restartedMain] o.s.j.e.a.AnnotationMBeanExporter        : Located managed bean 'configurationPropertiesRebinder': registering with JMX server as MBean [org.springframework.cloud.context.properties:name=configurationPropertiesRebinder,context=62fb3621,type=ConfigurationPropertiesRebinder]
2018-07-28 18:26:50.225  INFO [account-service,,,] 16000 --- [restartedMain] o.s.c.support.DefaultLifecycleProcessor  : Starting beans in phase 0
2018-07-28 18:26:50.258  INFO [account-service,,,] 16000 --- [restartedMain] o.s.c.n.eureka.InstanceInfoFactory       : Setting initial instance status as: STARTING
2018-07-28 18:26:50.392  INFO [account-service,,,] 16000 --- [restartedMain] com.netflix.discovery.DiscoveryClient    : Initializing Eureka in region us-east-1
2018-07-28 18:26:51.502  INFO [account-service,,,] 16000 --- [restartedMain] c.n.d.provider.DiscoveryJerseyProvider   : Using JSON encoding codec LegacyJacksonJson
2018-07-28 18:26:51.503  INFO [account-service,,,] 16000 --- [restartedMain] c.n.d.provider.DiscoveryJerseyProvider   : Using JSON decoding codec LegacyJacksonJson
2018-07-28 18:26:51.711  INFO [account-service,,,] 16000 --- [restartedMain] c.n.d.provider.DiscoveryJerseyProvider   : Using XML encoding codec XStreamXml
2018-07-28 18:26:51.711  INFO [account-service,,,] 16000 --- [restartedMain] c.n.d.provider.DiscoveryJerseyProvider   : Using XML decoding codec XStreamXml
2018-07-28 18:26:51.948  INFO [account-service,,,] 16000 --- [restartedMain] c.n.d.s.r.aws.ConfigClusterResolver      : Resolving eureka endpoints via configuration
2018-07-28 18:26:52.105  INFO [account-service,,,] 16000 --- [restartedMain] com.netflix.discovery.DiscoveryClient    : Disable delta property : false
2018-07-28 18:26:52.105  INFO [account-service,,,] 16000 --- [restartedMain] com.netflix.discovery.DiscoveryClient    : Single vip registry refresh property : null
2018-07-28 18:26:52.105  INFO [account-service,,,] 16000 --- [restartedMain] com.netflix.discovery.DiscoveryClient    : Force full registry fetch : false
2018-07-28 18:26:52.105  INFO [account-service,,,] 16000 --- [restartedMain] com.netflix.discovery.DiscoveryClient    : Application is null : false
2018-07-28 18:26:52.105  INFO [account-service,,,] 16000 --- [restartedMain] com.netflix.discovery.DiscoveryClient    : Registered Applications size is zero : true
2018-07-28 18:26:52.105  INFO [account-service,,,] 16000 --- [restartedMain] com.netflix.discovery.DiscoveryClient    : Application version is -1: true
2018-07-28 18:26:52.105  INFO [account-service,,,] 16000 --- [restartedMain] com.netflix.discovery.DiscoveryClient    : Getting all instance registry info from the eureka server
2018-07-28 18:26:52.248  INFO [account-service,,,] 16000 --- [restartedMain] com.netflix.discovery.DiscoveryClient    : The response status is 200
2018-07-28 18:26:52.250  INFO [account-service,,,] 16000 --- [restartedMain] com.netflix.discovery.DiscoveryClient    : Starting heartbeat executor: renew interval is: 30
2018-07-28 18:26:52.254  INFO [account-service,,,] 16000 --- [restartedMain] c.n.discovery.InstanceInfoReplicator     : InstanceInfoReplicator onDemand update allowed rate per min is 4
2018-07-28 18:26:52.258  INFO [account-service,,,] 16000 --- [restartedMain] com.netflix.discovery.DiscoveryClient    : Discovery Client initialized at timestamp 1532782612256 with initial instances count: 0
2018-07-28 18:26:52.272  INFO [account-service,,,] 16000 --- [restartedMain] o.s.c.n.e.s.EurekaServiceRegistry        : Registering application account-service with eureka with status UP
2018-07-28 18:26:52.273  INFO [account-service,,,] 16000 --- [restartedMain] com.netflix.discovery.DiscoveryClient    : Saw local status change event StatusChangeEvent [timestamp=1532782612273, current=UP, previous=STARTING]
2018-07-28 18:26:52.283  INFO [account-service,,,] 16000 --- [DiscoveryClient-InstanceInfoReplicator-0] com.netflix.discovery.DiscoveryClient    : DiscoveryClient_ACCOUNT-SERVICE/localhost:account-service:8100: registering service...
2018-07-28 18:26:52.337  INFO [account-service,,,] 16000 --- [DiscoveryClient-InstanceInfoReplicator-0] com.netflix.discovery.DiscoveryClient    : DiscoveryClient_ACCOUNT-SERVICE/localhost:account-service:8100 - registration status: 204
2018-07-28 18:26:52.344  INFO [account-service,,,] 16000 --- [restartedMain] o.s.b.w.embedded.tomcat.TomcatWebServer  : Tomcat started on port(s): 8100 (http) with context path ''
2018-07-28 18:26:52.345  INFO [account-service,,,] 16000 --- [restartedMain] .s.c.n.e.s.EurekaAutoServiceRegistration : Updating port to 8100
2018-07-28 18:26:52.348  INFO [account-service,,,] 16000 --- [restartedMain] c.o.a.AccountServiceApplication          : Started AccountServiceApplication in 36.353 seconds (JVM running for 37.322)
2018-07-28 18:27:22.251  INFO [account-service,,,] 16000 --- [DiscoveryClient-CacheRefreshExecutor-0] com.netflix.discovery.DiscoveryClient    : Disable delta property : false
2018-07-28 18:27:22.252  INFO [account-service,,,] 16000 --- [DiscoveryClient-CacheRefreshExecutor-0] com.netflix.discovery.DiscoveryClient    : Single vip registry refresh property : null
2018-07-28 18:27:22.252  INFO [account-service,,,] 16000 --- [DiscoveryClient-CacheRefreshExecutor-0] com.netflix.discovery.DiscoveryClient    : Force full registry fetch : false
2018-07-28 18:27:22.252  INFO [account-service,,,] 16000 --- [DiscoveryClient-CacheRefreshExecutor-0] com.netflix.discovery.DiscoveryClient    : Application is null : false
2018-07-28 18:27:22.252  INFO [account-service,,,] 16000 --- [DiscoveryClient-CacheRefreshExecutor-0] com.netflix.discovery.DiscoveryClient    : Registered Applications size is zero : true
2018-07-28 18:27:22.252  INFO [account-service,,,] 16000 --- [DiscoveryClient-CacheRefreshExecutor-0] com.netflix.discovery.DiscoveryClient    : Application version is -1: false
2018-07-28 18:27:22.252  INFO [account-service,,,] 16000 --- [DiscoveryClient-CacheRefreshExecutor-0] com.netflix.discovery.DiscoveryClient    : Getting all instance registry info from the eureka server
2018-07-28 18:27:22.283  INFO [account-service,,,] 16000 --- [DiscoveryClient-CacheRefreshExecutor-0] com.netflix.discovery.DiscoveryClient    : The response status is 200
2018-07-28 18:27:57.504  INFO [account-service,,,] 16000 --- [http-nio-8100-exec-3] o.a.c.c.C.[Tomcat].[localhost].[/]       : Initializing Spring FrameworkServlet 'dispatcherServlet'
2018-07-28 18:27:57.505  INFO [account-service,,,] 16000 --- [http-nio-8100-exec-3] o.s.web.servlet.DispatcherServlet        : FrameworkServlet 'dispatcherServlet': initialization started
2018-07-28 18:27:57.539  INFO [account-service,,,] 16000 --- [http-nio-8100-exec-3] o.s.web.servlet.DispatcherServlet        : FrameworkServlet 'dispatcherServlet': initialization completed in 34 ms
2018-07-28 18:30:38.230  INFO [account-service,,,] 16000 --- [Thread-1] s.c.a.AnnotationConfigApplicationContext : Closing org.springframework.context.annotation.AnnotationConfigApplicationContext@74438e: startup date [Sat Jul 28 18:26:17 IST 2018]; root of context hierarchy
2018-07-28 18:30:38.231  INFO [account-service,,,] 16000 --- [Thread-1] ConfigServletWebServerApplicationContext : Closing org.springframework.boot.web.servlet.context.AnnotationConfigServletWebServerApplicationContext@62fb3621: startup date [Sat Jul 28 18:26:21 IST 2018]; parent: org.springframework.context.annotation.AnnotationConfigApplicationContext@74438e
2018-07-28 18:30:38.232  INFO [account-service,,,] 16000 --- [Thread-1] o.s.c.n.e.s.EurekaServiceRegistry        : Unregistering application account-service with eureka with status DOWN
2018-07-28 18:30:38.232  WARN [account-service,,,] 16000 --- [Thread-1] com.netflix.discovery.DiscoveryClient    : Saw local status change event StatusChangeEvent [timestamp=1532782838232, current=DOWN, previous=UP]
2018-07-28 18:30:38.232  INFO [account-service,,,] 16000 --- [DiscoveryClient-InstanceInfoReplicator-0] com.netflix.discovery.DiscoveryClient    : DiscoveryClient_ACCOUNT-SERVICE/localhost:account-service:8100: registering service...
2018-07-28 18:30:38.234  INFO [account-service,,,] 16000 --- [Thread-1] o.s.c.support.DefaultLifecycleProcessor  : Stopping beans in phase 0
2018-07-28 18:30:38.235  INFO [account-service,,,] 16000 --- [Thread-1] o.s.j.e.a.AnnotationMBeanExporter        : Unregistering JMX-exposed beans on shutdown
2018-07-28 18:30:38.236  INFO [account-service,,,] 16000 --- [Thread-1] o.s.j.e.a.AnnotationMBeanExporter        : Unregistering JMX-exposed beans
2018-07-28 18:30:38.239  INFO [account-service,,,] 16000 --- [Thread-1] s.c.a.AnnotationConfigApplicationContext : Closing FeignContext-customer-service: startup date [Sat Jul 28 18:26:42 IST 2018]; parent: org.springframework.boot.web.servlet.context.AnnotationConfigServletWebServerApplicationContext@62fb3621
2018-07-28 18:30:38.240  INFO [account-service,,,] 16000 --- [DiscoveryClient-InstanceInfoReplicator-0] com.netflix.discovery.DiscoveryClient    : DiscoveryClient_ACCOUNT-SERVICE/localhost:account-service:8100 - registration status: 204
2018-07-28 18:30:38.241  INFO [account-service,,,] 16000 --- [Thread-1] com.netflix.discovery.DiscoveryClient    : Shutting down DiscoveryClient ...
2018-07-28 18:30:41.243  INFO [account-service,,,] 16000 --- [Thread-1] com.netflix.discovery.DiscoveryClient    : Unregistering ...
2018-07-28 18:30:41.249  INFO [account-service,,,] 16000 --- [Thread-1] com.netflix.discovery.DiscoveryClient    : DiscoveryClient_ACCOUNT-SERVICE/localhost:account-service:8100 - deregister  status: 200
2018-07-28 18:30:41.260  INFO [account-service,,,] 16000 --- [Thread-1] com.netflix.discovery.DiscoveryClient    : Completed shut down of DiscoveryClient
